{"/Users/masa/Projects/code-review/src/utils/envLoader.ts": {"path":"/Users/masa/Projects/code-review/src/utils/envLoader.ts","statementMap":{"0":{"start":{"line":25,"column":0},"end":{"line":25,"column":7}},"1":{"start":{"line":85,"column":0},"end":{"line":85,"column":16}},"2":{"start":{"line":131,"column":0},"end":{"line":131,"column":16}},"3":{"start":{"line":16,"column":0},"end":{"line":16,"column":29}},"4":{"start":{"line":17,"column":0},"end":{"line":17,"column":33}},"5":{"start":{"line":18,"column":0},"end":{"line":18,"column":29}},"6":{"start":{"line":30,"column":2},"end":{"line":78,"column":3}},"7":{"start":{"line":32,"column":25},"end":{"line":32,"column":81}},"8":{"start":{"line":35,"column":4},"end":{"line":42,"column":5}},"9":{"start":{"line":36,"column":6},"end":{"line":36,"column":36}},"10":{"start":{"line":38,"column":6},"end":{"line":41,"column":8}},"11":{"start":{"line":45,"column":4},"end":{"line":45,"column":82}},"12":{"start":{"line":46,"column":19},"end":{"line":46,"column":56}},"13":{"start":{"line":48,"column":4},"end":{"line":54,"column":5}},"14":{"start":{"line":49,"column":6},"end":{"line":53,"column":8}},"15":{"start":{"line":57,"column":4},"end":{"line":57,"column":82}},"16":{"start":{"line":60,"column":24},"end":{"line":60,"column":56}},"17":{"start":{"line":61,"column":4},"end":{"line":66,"column":5}},"18":{"start":{"line":62,"column":6},"end":{"line":62,"column":65}},"19":{"start":{"line":63,"column":6},"end":{"line":63,"column":53}},"20":{"start":{"line":63,"column":34},"end":{"line":63,"column":51}},"21":{"start":{"line":65,"column":6},"end":{"line":65,"column":54}},"22":{"start":{"line":68,"column":4},"end":{"line":72,"column":6}},"23":{"start":{"line":74,"column":4},"end":{"line":77,"column":6}},"24":{"start":{"line":90,"column":22},"end":{"line":90,"column":58}},"25":{"start":{"line":91,"column":23},"end":{"line":91,"column":55}},"26":{"start":{"line":94,"column":2},"end":{"line":106,"column":3}},"27":{"start":{"line":96,"column":4},"end":{"line":98,"column":5}},"28":{"start":{"line":97,"column":6},"end":{"line":97,"column":118}},"29":{"start":{"line":100,"column":4},"end":{"line":100,"column":55}},"30":{"start":{"line":101,"column":4},"end":{"line":105,"column":6}},"31":{"start":{"line":109,"column":2},"end":{"line":117,"column":3}},"32":{"start":{"line":110,"column":4},"end":{"line":110,"column":55}},"33":{"start":{"line":111,"column":4},"end":{"line":111,"column":107}},"34":{"start":{"line":112,"column":4},"end":{"line":116,"column":6}},"35":{"start":{"line":120,"column":2},"end":{"line":124,"column":4}},"36":{"start":{"line":135,"column":30},"end":{"line":135,"column":41}},"37":{"start":{"line":137,"column":2},"end":{"line":142,"column":3}},"38":{"start":{"line":138,"column":4},"end":{"line":141,"column":6}},"39":{"start":{"line":144,"column":2},"end":{"line":147,"column":4}}},"fnMap":{"0":{"name":"loadEnvVariables","decl":{"start":{"line":25,"column":22},"end":{"line":25,"column":38}},"loc":{"start":{"line":25,"column":59},"end":{"line":79,"column":1}}},"1":{"name":"(anonymous_11)","decl":{"start":{"line":63,"column":26},"end":{"line":63,"column":30}},"loc":{"start":{"line":63,"column":34},"end":{"line":63,"column":51}}},"2":{"name":"getApiKey","decl":{"start":{"line":85,"column":16},"end":{"line":85,"column":25}},"loc":{"start":{"line":85,"column":25},"end":{"line":125,"column":1}}},"3":{"name":"validateRequiredEnvVars","decl":{"start":{"line":131,"column":16},"end":{"line":131,"column":39}},"loc":{"start":{"line":131,"column":39},"end":{"line":148,"column":1}}}},"branchMap":{"0":{"loc":{"start":{"line":32,"column":25},"end":{"line":32,"column":81}},"type":"binary-expr","locations":[{"start":{"line":32,"column":25},"end":{"line":32,"column":36}},{"start":{"line":32,"column":40},"end":{"line":32,"column":81}}]},"1":{"loc":{"start":{"line":48,"column":4},"end":{"line":54,"column":5}},"type":"if","locations":[{"start":{"line":48,"column":4},"end":{"line":54,"column":5}}]},"2":{"loc":{"start":{"line":60,"column":36},"end":{"line":60,"column":55}},"type":"binary-expr","locations":[{"start":{"line":60,"column":36},"end":{"line":60,"column":49}},{"start":{"line":60,"column":53},"end":{"line":60,"column":55}}]},"3":{"loc":{"start":{"line":61,"column":4},"end":{"line":66,"column":5}},"type":"if","locations":[{"start":{"line":61,"column":4},"end":{"line":66,"column":5}},{"start":{"line":64,"column":11},"end":{"line":66,"column":5}}]},"4":{"loc":{"start":{"line":76,"column":66},"end":{"line":76,"column":88}},"type":"binary-expr","locations":[{"start":{"line":76,"column":66},"end":{"line":76,"column":79}},{"start":{"line":76,"column":83},"end":{"line":76,"column":88}}]},"5":{"loc":{"start":{"line":94,"column":2},"end":{"line":106,"column":3}},"type":"if","locations":[{"start":{"line":94,"column":2},"end":{"line":106,"column":3}}]},"6":{"loc":{"start":{"line":96,"column":4},"end":{"line":98,"column":5}},"type":"if","locations":[{"start":{"line":96,"column":4},"end":{"line":98,"column":5}}]},"7":{"loc":{"start":{"line":109,"column":2},"end":{"line":117,"column":3}},"type":"if","locations":[{"start":{"line":109,"column":2},"end":{"line":117,"column":3}}]},"8":{"loc":{"start":{"line":137,"column":2},"end":{"line":142,"column":3}},"type":"if","locations":[{"start":{"line":137,"column":2},"end":{"line":142,"column":3}}]}},"s":{"0":0,"1":0,"2":0,"3":0,"4":0,"5":0,"6":0,"7":0,"8":0,"9":0,"10":0,"11":0,"12":0,"13":0,"14":0,"15":0,"16":0,"17":0,"18":0,"19":0,"20":0,"21":0,"22":0,"23":0,"24":0,"25":0,"26":0,"27":0,"28":0,"29":0,"30":0,"31":0,"32":0,"33":0,"34":0,"35":0,"36":0,"37":0,"38":0,"39":0},"f":{"0":0,"1":0,"2":0,"3":0},"b":{"0":[0,0],"1":[0],"2":[0,0],"3":[0,0],"4":[0,0],"5":[0],"6":[0],"7":[0],"8":[0]}}
,"/Users/masa/Projects/code-review/src/utils/errorLogger.ts": {"path":"/Users/masa/Projects/code-review/src/utils/errorLogger.ts","statementMap":{"0":{"start":{"line":29,"column":0},"end":{"line":29,"column":7}},"1":{"start":{"line":19,"column":0},"end":{"line":19,"column":29}},"2":{"start":{"line":20,"column":0},"end":{"line":20,"column":24}},"3":{"start":{"line":21,"column":0},"end":{"line":21,"column":47}},"4":{"start":{"line":30,"column":2},"end":{"line":55,"column":3}},"5":{"start":{"line":32,"column":25},"end":{"line":32,"column":51}},"6":{"start":{"line":33,"column":4},"end":{"line":33,"column":40}},"7":{"start":{"line":36,"column":22},"end":{"line":36,"column":65}},"8":{"start":{"line":37,"column":25},"end":{"line":37,"column":75}},"9":{"start":{"line":40,"column":21},"end":{"line":45,"column":6}},"10":{"start":{"line":48,"column":4},"end":{"line":48,"column":72}},"11":{"start":{"line":50,"column":4},"end":{"line":50,"column":54}},"12":{"start":{"line":51,"column":4},"end":{"line":51,"column":24}},"13":{"start":{"line":53,"column":4},"end":{"line":53,"column":52}},"14":{"start":{"line":54,"column":4},"end":{"line":54,"column":14}}},"fnMap":{"0":{"name":"logError","decl":{"start":{"line":29,"column":22},"end":{"line":29,"column":30}},"loc":{"start":{"line":29,"column":76},"end":{"line":56,"column":1}}}},"branchMap":{"0":{"loc":{"start":{"line":29,"column":43},"end":{"line":29,"column":76}},"type":"default-arg","locations":[{"start":{"line":29,"column":74},"end":{"line":29,"column":76}}]},"1":{"loc":{"start":{"line":42,"column":15},"end":{"line":42,"column":48}},"type":"binary-expr","locations":[{"start":{"line":42,"column":15},"end":{"line":42,"column":29}},{"start":{"line":42,"column":33},"end":{"line":42,"column":48}}]}},"s":{"0":0,"1":0,"2":0,"3":0,"4":0,"5":0,"6":0,"7":0,"8":0,"9":0,"10":0,"11":0,"12":0,"13":0,"14":0},"f":{"0":0},"b":{"0":[0],"1":[0,0]}}
,"/Users/masa/Projects/code-review/src/utils/fileFilters.ts": {"path":"/Users/masa/Projects/code-review/src/utils/fileFilters.ts","statementMap":{"0":{"start":{"line":105,"column":0},"end":{"line":105,"column":7}},"1":{"start":{"line":21,"column":0},"end":{"line":21,"column":24}},"2":{"start":{"line":22,"column":0},"end":{"line":22,"column":28}},"3":{"start":{"line":23,"column":0},"end":{"line":23,"column":52}},"4":{"start":{"line":31,"column":24},"end":{"line":31,"column":60}},"5":{"start":{"line":33,"column":2},"end":{"line":39,"column":3}},"6":{"start":{"line":34,"column":20},"end":{"line":34,"column":49}},"7":{"start":{"line":35,"column":4},"end":{"line":38,"column":53}},"8":{"start":{"line":37,"column":19},"end":{"line":37,"column":30}},"9":{"start":{"line":38,"column":22},"end":{"line":38,"column":51}},"10":{"start":{"line":41,"column":2},"end":{"line":41,"column":12}},"11":{"start":{"line":52,"column":23},"end":{"line":52,"column":59}},"12":{"start":{"line":55,"column":2},"end":{"line":74,"column":3}},"13":{"start":{"line":57,"column":4},"end":{"line":59,"column":5}},"14":{"start":{"line":58,"column":6},"end":{"line":58,"column":18}},"15":{"start":{"line":61,"column":4},"end":{"line":69,"column":5}},"16":{"start":{"line":62,"column":27},"end":{"line":64,"column":29}},"17":{"start":{"line":66,"column":6},"end":{"line":68,"column":7}},"18":{"start":{"line":67,"column":8},"end":{"line":67,"column":20}},"19":{"start":{"line":71,"column":4},"end":{"line":73,"column":5}},"20":{"start":{"line":72,"column":6},"end":{"line":72,"column":18}},"21":{"start":{"line":76,"column":2},"end":{"line":76,"column":15}},"22":{"start":{"line":85,"column":19},"end":{"line":85,"column":42}},"23":{"start":{"line":86,"column":2},"end":{"line":95,"column":4}},"24":{"start":{"line":110,"column":2},"end":{"line":112,"column":3}},"25":{"start":{"line":111,"column":4},"end":{"line":111,"column":24}},"26":{"start":{"line":114,"column":22},"end":{"line":114,"column":52}},"27":{"start":{"line":115,"column":28},"end":{"line":115,"column":67}},"28":{"start":{"line":118,"column":19},"end":{"line":122,"column":4}},"29":{"start":{"line":124,"column":2},"end":{"line":136,"column":5}},"30":{"start":{"line":126,"column":4},"end":{"line":128,"column":5}},"31":{"start":{"line":127,"column":6},"end":{"line":127,"column":19}},"32":{"start":{"line":131,"column":4},"end":{"line":133,"column":5}},"33":{"start":{"line":132,"column":6},"end":{"line":132,"column":19}},"34":{"start":{"line":135,"column":4},"end":{"line":135,"column":16}}},"fnMap":{"0":{"name":"getGitignorePatterns","decl":{"start":{"line":30,"column":15},"end":{"line":30,"column":35}},"loc":{"start":{"line":30,"column":55},"end":{"line":42,"column":1}}},"1":{"name":"(anonymous_2)","decl":{"start":{"line":37,"column":11},"end":{"line":37,"column":15}},"loc":{"start":{"line":37,"column":19},"end":{"line":37,"column":30}}},"2":{"name":"(anonymous_3)","decl":{"start":{"line":38,"column":14},"end":{"line":38,"column":18}},"loc":{"start":{"line":38,"column":22},"end":{"line":38,"column":51}}},"3":{"name":"shouldIgnoreFile","decl":{"start":{"line":51,"column":9},"end":{"line":51,"column":25}},"loc":{"start":{"line":51,"column":83},"end":{"line":77,"column":1}}},"4":{"name":"isTestFile","decl":{"start":{"line":84,"column":9},"end":{"line":84,"column":19}},"loc":{"start":{"line":84,"column":36},"end":{"line":96,"column":1}}},"5":{"name":"getFilesToReview","decl":{"start":{"line":105,"column":22},"end":{"line":105,"column":38}},"loc":{"start":{"line":108,"column":23},"end":{"line":137,"column":1}}},"6":{"name":"(anonymous_7)","decl":{"start":{"line":124,"column":25},"end":{"line":124,"column":33}},"loc":{"start":{"line":124,"column":36},"end":{"line":136,"column":3}}}},"branchMap":{"0":{"loc":{"start":{"line":33,"column":2},"end":{"line":39,"column":3}},"type":"if","locations":[{"start":{"line":33,"column":2},"end":{"line":39,"column":3}}]},"1":{"loc":{"start":{"line":38,"column":22},"end":{"line":38,"column":51}},"type":"binary-expr","locations":[{"start":{"line":38,"column":22},"end":{"line":38,"column":26}},{"start":{"line":38,"column":30},"end":{"line":38,"column":51}}]},"2":{"loc":{"start":{"line":57,"column":4},"end":{"line":59,"column":5}},"type":"if","locations":[{"start":{"line":57,"column":4},"end":{"line":59,"column":5}}]},"3":{"loc":{"start":{"line":57,"column":8},"end":{"line":57,"column":65}},"type":"binary-expr","locations":[{"start":{"line":57,"column":8},"end":{"line":57,"column":29}},{"start":{"line":57,"column":33},"end":{"line":57,"column":65}}]},"4":{"loc":{"start":{"line":61,"column":4},"end":{"line":69,"column":5}},"type":"if","locations":[{"start":{"line":61,"column":4},"end":{"line":69,"column":5}}]},"5":{"loc":{"start":{"line":66,"column":6},"end":{"line":68,"column":7}},"type":"if","locations":[{"start":{"line":66,"column":6},"end":{"line":68,"column":7}}]},"6":{"loc":{"start":{"line":71,"column":4},"end":{"line":73,"column":5}},"type":"if","locations":[{"start":{"line":71,"column":4},"end":{"line":73,"column":5}}]},"7":{"loc":{"start":{"line":71,"column":8},"end":{"line":71,"column":74}},"type":"binary-expr","locations":[{"start":{"line":71,"column":8},"end":{"line":71,"column":32}},{"start":{"line":71,"column":36},"end":{"line":71,"column":74}}]},"8":{"loc":{"start":{"line":87,"column":4},"end":{"line":94,"column":34}},"type":"binary-expr","locations":[{"start":{"line":87,"column":4},"end":{"line":87,"column":31}},{"start":{"line":88,"column":4},"end":{"line":88,"column":31}},{"start":{"line":89,"column":4},"end":{"line":89,"column":31}},{"start":{"line":90,"column":4},"end":{"line":90,"column":31}},{"start":{"line":91,"column":4},"end":{"line":91,"column":31}},{"start":{"line":92,"column":4},"end":{"line":92,"column":31}},{"start":{"line":93,"column":4},"end":{"line":93,"column":34}},{"start":{"line":94,"column":4},"end":{"line":94,"column":34}}]},"9":{"loc":{"start":{"line":110,"column":2},"end":{"line":112,"column":3}},"type":"if","locations":[{"start":{"line":110,"column":2},"end":{"line":112,"column":3}}]},"10":{"loc":{"start":{"line":126,"column":4},"end":{"line":128,"column":5}},"type":"if","locations":[{"start":{"line":126,"column":4},"end":{"line":128,"column":5}}]},"11":{"loc":{"start":{"line":131,"column":4},"end":{"line":133,"column":5}},"type":"if","locations":[{"start":{"line":131,"column":4},"end":{"line":133,"column":5}}]},"12":{"loc":{"start":{"line":131,"column":8},"end":{"line":131,"column":45}},"type":"binary-expr","locations":[{"start":{"line":131,"column":8},"end":{"line":131,"column":21}},{"start":{"line":131,"column":25},"end":{"line":131,"column":45}}]}},"s":{"0":0,"1":0,"2":0,"3":0,"4":0,"5":0,"6":0,"7":0,"8":0,"9":0,"10":0,"11":0,"12":0,"13":0,"14":0,"15":0,"16":0,"17":0,"18":0,"19":0,"20":0,"21":0,"22":0,"23":0,"24":0,"25":0,"26":0,"27":0,"28":0,"29":0,"30":0,"31":0,"32":0,"33":0,"34":0},"f":{"0":0,"1":0,"2":0,"3":0,"4":0,"5":0,"6":0},"b":{"0":[0],"1":[0,0],"2":[0],"3":[0,0],"4":[0],"5":[0],"6":[0],"7":[0,0],"8":[0,0,0,0,0,0,0,0],"9":[0],"10":[0],"11":[0],"12":[0,0]}}
,"/Users/masa/Projects/code-review/src/utils/fileSystem.ts": {"path":"/Users/masa/Projects/code-review/src/utils/fileSystem.ts","statementMap":{"0":{"start":{"line":38,"column":0},"end":{"line":38,"column":16}},"1":{"start":{"line":75,"column":0},"end":{"line":75,"column":7}},"2":{"start":{"line":96,"column":0},"end":{"line":96,"column":7}},"3":{"start":{"line":114,"column":0},"end":{"line":114,"column":7}},"4":{"start":{"line":137,"column":0},"end":{"line":137,"column":7}},"5":{"start":{"line":195,"column":0},"end":{"line":195,"column":7}},"6":{"start":{"line":215,"column":0},"end":{"line":215,"column":7}},"7":{"start":{"line":237,"column":0},"end":{"line":237,"column":7}},"8":{"start":{"line":21,"column":0},"end":{"line":21,"column":29}},"9":{"start":{"line":22,"column":0},"end":{"line":22,"column":24}},"10":{"start":{"line":23,"column":0},"end":{"line":23,"column":28}},"11":{"start":{"line":40,"column":29},"end":{"line":40,"column":53}},"12":{"start":{"line":43,"column":2},"end":{"line":47,"column":3}},"13":{"start":{"line":44,"column":4},"end":{"line":46,"column":6}},"14":{"start":{"line":50,"column":27},"end":{"line":50,"column":69}},"15":{"start":{"line":51,"column":27},"end":{"line":51,"column":49}},"16":{"start":{"line":54,"column":23},"end":{"line":54,"column":72}},"17":{"start":{"line":57,"column":2},"end":{"line":61,"column":3}},"18":{"start":{"line":58,"column":4},"end":{"line":60,"column":6}},"19":{"start":{"line":63,"column":2},"end":{"line":63,"column":26}},"20":{"start":{"line":76,"column":2},"end":{"line":81,"column":3}},"21":{"start":{"line":77,"column":18},"end":{"line":77,"column":41}},"22":{"start":{"line":78,"column":4},"end":{"line":78,"column":26}},"23":{"start":{"line":80,"column":4},"end":{"line":80,"column":17}},"24":{"start":{"line":97,"column":2},"end":{"line":102,"column":3}},"25":{"start":{"line":98,"column":18},"end":{"line":98,"column":40}},"26":{"start":{"line":99,"column":4},"end":{"line":99,"column":31}},"27":{"start":{"line":101,"column":4},"end":{"line":101,"column":17}},"28":{"start":{"line":115,"column":2},"end":{"line":123,"column":3}},"29":{"start":{"line":116,"column":4},"end":{"line":116,"column":49}},"30":{"start":{"line":119,"column":19},"end":{"line":119,"column":49}},"31":{"start":{"line":120,"column":4},"end":{"line":122,"column":5}},"32":{"start":{"line":121,"column":6},"end":{"line":121,"column":18}},"33":{"start":{"line":143,"column":15},"end":{"line":143,"column":25}},"34":{"start":{"line":144,"column":24},"end":{"line":144,"column":138}},"35":{"start":{"line":147,"column":23},"end":{"line":147,"column":55}},"36":{"start":{"line":150,"column":18},"end":{"line":150,"column":49}},"37":{"start":{"line":151,"column":32},"end":{"line":151,"column":34}},"38":{"start":{"line":152,"column":2},"end":{"line":158,"column":3}},"39":{"start":{"line":154,"column":4},"end":{"line":154,"column":60}},"40":{"start":{"line":157,"column":4},"end":{"line":157,"column":96}},"41":{"start":{"line":161,"column":24},"end":{"line":161,"column":79}},"42":{"start":{"line":162,"column":26},"end":{"line":162,"column":57}},"43":{"start":{"line":165,"column":20},"end":{"line":165,"column":21}},"44":{"start":{"line":167,"column":2},"end":{"line":182,"column":3}},"45":{"start":{"line":169,"column":21},"end":{"line":172,"column":6}},"46":{"start":{"line":170,"column":20},"end":{"line":170,"column":116}},"47":{"start":{"line":171,"column":6},"end":{"line":171,"column":48}},"48":{"start":{"line":175,"column":4},"end":{"line":175,"column":44}},"49":{"start":{"line":176,"column":9},"end":{"line":182,"column":3}},"50":{"start":{"line":178,"column":4},"end":{"line":178,"column":20}},"51":{"start":{"line":181,"column":4},"end":{"line":181,"column":67}},"52":{"start":{"line":185,"column":2},"end":{"line":185,"column":80}},"53":{"start":{"line":196,"column":2},"end":{"line":204,"column":3}},"54":{"start":{"line":198,"column":23},"end":{"line":198,"column":77}},"55":{"start":{"line":200,"column":4},"end":{"line":200,"column":50}},"56":{"start":{"line":202,"column":4},"end":{"line":202,"column":79}},"57":{"start":{"line":203,"column":4},"end":{"line":203,"column":56}},"58":{"start":{"line":216,"column":2},"end":{"line":226,"column":3}},"59":{"start":{"line":218,"column":24},"end":{"line":218,"column":78}},"60":{"start":{"line":221,"column":4},"end":{"line":221,"column":53}},"61":{"start":{"line":222,"column":4},"end":{"line":222,"column":45}},"62":{"start":{"line":224,"column":4},"end":{"line":224,"column":82}},"63":{"start":{"line":225,"column":4},"end":{"line":225,"column":60}},"64":{"start":{"line":242,"column":2},"end":{"line":264,"column":3}},"65":{"start":{"line":244,"column":24},"end":{"line":250,"column":6}},"66":{"start":{"line":252,"column":18},"end":{"line":252,"column":50}},"67":{"start":{"line":254,"column":4},"end":{"line":257,"column":5}},"68":{"start":{"line":255,"column":22},"end":{"line":255,"column":57}},"69":{"start":{"line":256,"column":6},"end":{"line":256,"column":78}},"70":{"start":{"line":259,"column":4},"end":{"line":259,"column":17}},"71":{"start":{"line":261,"column":20},"end":{"line":261,"column":55}},"72":{"start":{"line":262,"column":4},"end":{"line":262,"column":102}},"73":{"start":{"line":263,"column":4},"end":{"line":263,"column":66}}},"fnMap":{"0":{"name":"validatePath","decl":{"start":{"line":38,"column":16},"end":{"line":38,"column":28}},"loc":{"start":{"line":38,"column":63},"end":{"line":64,"column":1}}},"1":{"name":"fileExists","decl":{"start":{"line":75,"column":22},"end":{"line":75,"column":32}},"loc":{"start":{"line":75,"column":49},"end":{"line":82,"column":1}}},"2":{"name":"directoryExists","decl":{"start":{"line":96,"column":22},"end":{"line":96,"column":37}},"loc":{"start":{"line":96,"column":53},"end":{"line":103,"column":1}}},"3":{"name":"createDirectory","decl":{"start":{"line":114,"column":22},"end":{"line":114,"column":37}},"loc":{"start":{"line":114,"column":53},"end":{"line":124,"column":1}}},"4":{"name":"generateVersionedOutputPath","decl":{"start":{"line":137,"column":22},"end":{"line":137,"column":49}},"loc":{"start":{"line":140,"column":27},"end":{"line":186,"column":1}}},"5":{"name":"(anonymous_6)","decl":{"start":{"line":169,"column":39},"end":{"line":169,"column":43}},"loc":{"start":{"line":169,"column":46},"end":{"line":172,"column":5}}},"6":{"name":"readFile","decl":{"start":{"line":195,"column":22},"end":{"line":195,"column":30}},"loc":{"start":{"line":195,"column":66},"end":{"line":205,"column":1}}},"7":{"name":"writeFile","decl":{"start":{"line":215,"column":22},"end":{"line":215,"column":31}},"loc":{"start":{"line":215,"column":84},"end":{"line":227,"column":1}}},"8":{"name":"findFiles","decl":{"start":{"line":237,"column":22},"end":{"line":237,"column":31}},"loc":{"start":{"line":240,"column":54},"end":{"line":265,"column":1}}}},"branchMap":{"0":{"loc":{"start":{"line":43,"column":2},"end":{"line":47,"column":3}},"type":"if","locations":[{"start":{"line":43,"column":2},"end":{"line":47,"column":3}}]},"1":{"loc":{"start":{"line":57,"column":2},"end":{"line":61,"column":3}},"type":"if","locations":[{"start":{"line":57,"column":2},"end":{"line":61,"column":3}}]},"2":{"loc":{"start":{"line":57,"column":6},"end":{"line":57,"column":68}},"type":"binary-expr","locations":[{"start":{"line":57,"column":6},"end":{"line":57,"column":35}},{"start":{"line":57,"column":39},"end":{"line":57,"column":68}}]},"3":{"loc":{"start":{"line":120,"column":4},"end":{"line":122,"column":5}},"type":"if","locations":[{"start":{"line":120,"column":4},"end":{"line":122,"column":5}}]},"4":{"loc":{"start":{"line":140,"column":2},"end":{"line":140,"column":27}},"type":"default-arg","locations":[{"start":{"line":140,"column":22},"end":{"line":140,"column":27}}]},"5":{"loc":{"start":{"line":167,"column":2},"end":{"line":182,"column":3}},"type":"if","locations":[{"start":{"line":167,"column":2},"end":{"line":182,"column":3}},{"start":{"line":176,"column":9},"end":{"line":182,"column":3}}]},"6":{"loc":{"start":{"line":171,"column":13},"end":{"line":171,"column":47}},"type":"cond-expr","locations":[{"start":{"line":171,"column":21},"end":{"line":171,"column":43}},{"start":{"line":171,"column":46},"end":{"line":171,"column":47}}]},"7":{"loc":{"start":{"line":176,"column":9},"end":{"line":182,"column":3}},"type":"if","locations":[{"start":{"line":176,"column":9},"end":{"line":182,"column":3}},{"start":{"line":179,"column":9},"end":{"line":182,"column":3}}]},"8":{"loc":{"start":{"line":198,"column":23},"end":{"line":198,"column":77}},"type":"cond-expr","locations":[{"start":{"line":198,"column":34},"end":{"line":198,"column":66}},{"start":{"line":198,"column":69},"end":{"line":198,"column":77}}]},"9":{"loc":{"start":{"line":202,"column":55},"end":{"line":202,"column":77}},"type":"binary-expr","locations":[{"start":{"line":202,"column":55},"end":{"line":202,"column":68}},{"start":{"line":202,"column":72},"end":{"line":202,"column":77}}]},"10":{"loc":{"start":{"line":218,"column":24},"end":{"line":218,"column":78}},"type":"cond-expr","locations":[{"start":{"line":218,"column":35},"end":{"line":218,"column":67}},{"start":{"line":218,"column":70},"end":{"line":218,"column":78}}]},"11":{"loc":{"start":{"line":224,"column":58},"end":{"line":224,"column":80}},"type":"binary-expr","locations":[{"start":{"line":224,"column":58},"end":{"line":224,"column":71}},{"start":{"line":224,"column":75},"end":{"line":224,"column":80}}]},"12":{"loc":{"start":{"line":240,"column":2},"end":{"line":240,"column":54}},"type":"default-arg","locations":[{"start":{"line":240,"column":52},"end":{"line":240,"column":54}}]},"13":{"loc":{"start":{"line":245,"column":13},"end":{"line":245,"column":63}},"type":"cond-expr","locations":[{"start":{"line":245,"column":43},"end":{"line":245,"column":56}},{"start":{"line":245,"column":59},"end":{"line":245,"column":63}}]},"14":{"loc":{"start":{"line":248,"column":10},"end":{"line":248,"column":28}},"type":"cond-expr","locations":[{"start":{"line":248,"column":16},"end":{"line":248,"column":23}},{"start":{"line":248,"column":26},"end":{"line":248,"column":28}}]},"15":{"loc":{"start":{"line":249,"column":10},"end":{"line":249,"column":58}},"type":"cond-expr","locations":[{"start":{"line":249,"column":27},"end":{"line":249,"column":53}},{"start":{"line":249,"column":56},"end":{"line":249,"column":58}}]},"16":{"loc":{"start":{"line":254,"column":4},"end":{"line":257,"column":5}},"type":"if","locations":[{"start":{"line":254,"column":4},"end":{"line":257,"column":5}}]},"17":{"loc":{"start":{"line":255,"column":22},"end":{"line":255,"column":57}},"type":"cond-expr","locations":[{"start":{"line":255,"column":28},"end":{"line":255,"column":52}},{"start":{"line":255,"column":55},"end":{"line":255,"column":57}}]},"18":{"loc":{"start":{"line":261,"column":20},"end":{"line":261,"column":55}},"type":"cond-expr","locations":[{"start":{"line":261,"column":26},"end":{"line":261,"column":50}},{"start":{"line":261,"column":53},"end":{"line":261,"column":55}}]},"19":{"loc":{"start":{"line":262,"column":78},"end":{"line":262,"column":100}},"type":"binary-expr","locations":[{"start":{"line":262,"column":78},"end":{"line":262,"column":91}},{"start":{"line":262,"column":95},"end":{"line":262,"column":100}}]}},"s":{"0":2,"1":2,"2":2,"3":2,"4":2,"5":2,"6":2,"7":2,"8":2,"9":2,"10":2,"11":11,"12":11,"13":3,"14":8,"15":8,"16":8,"17":8,"18":2,"19":6,"20":6,"21":6,"22":2,"23":4,"24":4,"25":4,"26":3,"27":1,"28":4,"29":4,"30":1,"31":1,"32":0,"33":3,"34":3,"35":3,"36":3,"37":3,"38":3,"39":3,"40":0,"41":3,"42":3,"43":3,"44":3,"45":0,"46":0,"47":0,"48":0,"49":3,"50":0,"51":3,"52":0,"53":2,"54":2,"55":2,"56":1,"57":1,"58":2,"59":2,"60":2,"61":2,"62":1,"63":1,"64":3,"65":3,"66":3,"67":3,"68":3,"69":3,"70":3,"71":0,"72":0,"73":0},"f":{"0":11,"1":6,"2":4,"3":4,"4":3,"5":0,"6":2,"7":2,"8":3},"b":{"0":[3],"1":[2],"2":[8,6],"3":[0],"4":[0],"5":[0,3],"6":[0,0],"7":[0,3],"8":[0,2],"9":[1,0],"10":[0,2],"11":[1,0],"12":[3],"13":[0,3],"14":[3,0],"15":[0,3],"16":[3],"17":[3,0],"18":[0,0],"19":[0,0]}}
,"/Users/masa/Projects/code-review/src/utils/modelTest.ts": {"path":"/Users/masa/Projects/code-review/src/utils/modelTest.ts","statementMap":{"0":{"start":{"line":31,"column":0},"end":{"line":31,"column":7}},"1":{"start":{"line":121,"column":0},"end":{"line":121,"column":7}},"2":{"start":{"line":19,"column":0},"end":{"line":19,"column":null}},"3":{"start":{"line":36,"column":2},"end":{"line":39,"column":3}},"4":{"start":{"line":37,"column":4},"end":{"line":37,"column":66}},"5":{"start":{"line":38,"column":4},"end":{"line":38,"column":39}},"6":{"start":{"line":41,"column":2},"end":{"line":113,"column":3}},"7":{"start":{"line":42,"column":4},"end":{"line":42,"column":50}},"8":{"start":{"line":43,"column":18},"end":{"line":43,"column":48}},"9":{"start":{"line":44,"column":18},"end":{"line":44,"column":64}},"10":{"start":{"line":47,"column":24},"end":{"line":47,"column":75}},"11":{"start":{"line":48,"column":28},"end":{"line":50,"column":null}},"12":{"start":{"line":54,"column":19},"end":{"line":82,"column":6}},"13":{"start":{"line":84,"column":21},"end":{"line":84,"column":36}},"14":{"start":{"line":85,"column":17},"end":{"line":85,"column":32}},"15":{"start":{"line":87,"column":4},"end":{"line":89,"column":6}},"16":{"start":{"line":90,"column":4},"end":{"line":90,"column":16}},"17":{"start":{"line":93,"column":21},"end":{"line":93,"column":35}},"18":{"start":{"line":94,"column":4},"end":{"line":111,"column":5}},"19":{"start":{"line":95,"column":6},"end":{"line":98,"column":8}},"20":{"start":{"line":99,"column":11},"end":{"line":111,"column":5}},"21":{"start":{"line":100,"column":6},"end":{"line":103,"column":8}},"22":{"start":{"line":104,"column":11},"end":{"line":111,"column":5}},"23":{"start":{"line":105,"column":6},"end":{"line":105,"column":71}},"24":{"start":{"line":107,"column":6},"end":{"line":110,"column":8}},"25":{"start":{"line":112,"column":4},"end":{"line":112,"column":17}},"26":{"start":{"line":125,"column":2},"end":{"line":128,"column":3}},"27":{"start":{"line":126,"column":4},"end":{"line":126,"column":73}},"28":{"start":{"line":127,"column":4},"end":{"line":127,"column":39}},"29":{"start":{"line":131,"column":26},"end":{"line":131,"column":58}},"30":{"start":{"line":132,"column":23},"end":{"line":140,"column":8}},"31":{"start":{"line":133,"column":46},"end":{"line":133,"column":58}},"32":{"start":{"line":142,"column":2},"end":{"line":144,"column":4}},"33":{"start":{"line":146,"column":2},"end":{"line":159,"column":3}},"34":{"start":{"line":147,"column":4},"end":{"line":158,"column":5}},"35":{"start":{"line":148,"column":26},"end":{"line":148,"column":60}},"36":{"start":{"line":149,"column":6},"end":{"line":151,"column":7}},"37":{"start":{"line":150,"column":8},"end":{"line":150,"column":25}},"38":{"start":{"line":153,"column":6},"end":{"line":156,"column":8}},"39":{"start":{"line":161,"column":2},"end":{"line":163,"column":4}},"40":{"start":{"line":164,"column":2},"end":{"line":164,"column":14}}},"fnMap":{"0":{"name":"testModel","decl":{"start":{"line":31,"column":22},"end":{"line":31,"column":31}},"loc":{"start":{"line":33,"column":19},"end":{"line":114,"column":1}}},"1":{"name":"findAvailableModel","decl":{"start":{"line":121,"column":22},"end":{"line":121,"column":40}},"loc":{"start":{"line":122,"column":16},"end":{"line":165,"column":1}}},"2":{"name":"(anonymous_2)","decl":{"start":{"line":133,"column":37},"end":{"line":133,"column":42}},"loc":{"start":{"line":133,"column":46},"end":{"line":133,"column":58}}}},"branchMap":{"0":{"loc":{"start":{"line":36,"column":2},"end":{"line":39,"column":3}},"type":"if","locations":[{"start":{"line":36,"column":2},"end":{"line":39,"column":3}}]},"1":{"loc":{"start":{"line":47,"column":35},"end":{"line":47,"column":74}},"type":"binary-expr","locations":[{"start":{"line":47,"column":35},"end":{"line":47,"column":65}},{"start":{"line":47,"column":69},"end":{"line":47,"column":74}}]},"2":{"loc":{"start":{"line":49,"column":6},"end":{"line":49,"column":51}},"type":"binary-expr","locations":[{"start":{"line":49,"column":6},"end":{"line":49,"column":42}},{"start":{"line":49,"column":46},"end":{"line":49,"column":51}}]},"3":{"loc":{"start":{"line":94,"column":4},"end":{"line":111,"column":5}},"type":"if","locations":[{"start":{"line":94,"column":4},"end":{"line":111,"column":5}},{"start":{"line":99,"column":11},"end":{"line":111,"column":5}}]},"4":{"loc":{"start":{"line":94,"column":8},"end":{"line":94,"column":64}},"type":"binary-expr","locations":[{"start":{"line":94,"column":8},"end":{"line":94,"column":24}},{"start":{"line":94,"column":28},"end":{"line":94,"column":64}}]},"5":{"loc":{"start":{"line":99,"column":11},"end":{"line":111,"column":5}},"type":"if","locations":[{"start":{"line":99,"column":11},"end":{"line":111,"column":5}},{"start":{"line":104,"column":11},"end":{"line":111,"column":5}}]},"6":{"loc":{"start":{"line":99,"column":15},"end":{"line":99,"column":74}},"type":"binary-expr","locations":[{"start":{"line":99,"column":15},"end":{"line":99,"column":31}},{"start":{"line":99,"column":35},"end":{"line":99,"column":74}}]},"7":{"loc":{"start":{"line":104,"column":11},"end":{"line":111,"column":5}},"type":"if","locations":[{"start":{"line":104,"column":11},"end":{"line":111,"column":5}},{"start":{"line":106,"column":11},"end":{"line":111,"column":5}}]},"8":{"loc":{"start":{"line":104,"column":15},"end":{"line":104,"column":73}},"type":"binary-expr","locations":[{"start":{"line":104,"column":15},"end":{"line":104,"column":31}},{"start":{"line":104,"column":35},"end":{"line":104,"column":73}}]},"9":{"loc":{"start":{"line":109,"column":8},"end":{"line":109,"column":41}},"type":"binary-expr","locations":[{"start":{"line":109,"column":8},"end":{"line":109,"column":24}},{"start":{"line":109,"column":28},"end":{"line":109,"column":41}}]},"10":{"loc":{"start":{"line":125,"column":2},"end":{"line":128,"column":3}},"type":"if","locations":[{"start":{"line":125,"column":2},"end":{"line":128,"column":3}}]},"11":{"loc":{"start":{"line":132,"column":23},"end":{"line":140,"column":8}},"type":"cond-expr","locations":[{"start":{"line":133,"column":6},"end":{"line":133,"column":59}},{"start":{"line":134,"column":6},"end":{"line":140,"column":8}}]},"12":{"loc":{"start":{"line":149,"column":6},"end":{"line":151,"column":7}},"type":"if","locations":[{"start":{"line":149,"column":6},"end":{"line":151,"column":7}}]}},"s":{"0":0,"1":0,"2":0,"3":0,"4":0,"5":0,"6":0,"7":0,"8":0,"9":0,"10":0,"11":0,"12":0,"13":0,"14":0,"15":0,"16":0,"17":0,"18":0,"19":0,"20":0,"21":0,"22":0,"23":0,"24":0,"25":0,"26":0,"27":0,"28":0,"29":0,"30":0,"31":0,"32":0,"33":0,"34":0,"35":0,"36":0,"37":0,"38":0,"39":0,"40":0},"f":{"0":0,"1":0,"2":0},"b":{"0":[0],"1":[0,0],"2":[0,0],"3":[0,0],"4":[0,0],"5":[0,0],"6":[0,0],"7":[0,0],"8":[0,0],"9":[0,0],"10":[0],"11":[0,0],"12":[0]}}
,"/Users/masa/Projects/code-review/src/utils/projectDocs.ts": {"path":"/Users/masa/Projects/code-review/src/utils/projectDocs.ts","statementMap":{"0":{"start":{"line":50,"column":0},"end":{"line":50,"column":7}},"1":{"start":{"line":79,"column":0},"end":{"line":79,"column":16}},"2":{"start":{"line":21,"column":0},"end":{"line":21,"column":29}},"3":{"start":{"line":22,"column":0},"end":{"line":22,"column":24}},"4":{"start":{"line":23,"column":0},"end":{"line":23,"column":42}},"5":{"start":{"line":51,"column":28},"end":{"line":51,"column":30}},"6":{"start":{"line":54,"column":19},"end":{"line":56,"column":4}},"7":{"start":{"line":59,"column":2},"end":{"line":69,"column":3}},"8":{"start":{"line":60,"column":21},"end":{"line":60,"column":53}},"9":{"start":{"line":61,"column":4},"end":{"line":68,"column":5}},"10":{"start":{"line":62,"column":6},"end":{"line":67,"column":7}},"11":{"start":{"line":63,"column":24},"end":{"line":63,"column":60}},"12":{"start":{"line":64,"column":8},"end":{"line":64,"column":54}},"13":{"start":{"line":66,"column":8},"end":{"line":66,"column":68}},"14":{"start":{"line":71,"column":2},"end":{"line":71,"column":14}},"15":{"start":{"line":80,"column":15},"end":{"line":80,"column":17}},"16":{"start":{"line":82,"column":2},"end":{"line":84,"column":3}},"17":{"start":{"line":83,"column":4},"end":{"line":83,"column":78}},"18":{"start":{"line":86,"column":2},"end":{"line":86,"column":56}}},"fnMap":{"0":{"name":"readProjectDocs","decl":{"start":{"line":50,"column":22},"end":{"line":50,"column":37}},"loc":{"start":{"line":50,"column":57},"end":{"line":72,"column":1}}},"1":{"name":"formatProjectDocs","decl":{"start":{"line":79,"column":16},"end":{"line":79,"column":33}},"loc":{"start":{"line":79,"column":51},"end":{"line":87,"column":1}}}},"branchMap":{"0":{"loc":{"start":{"line":61,"column":4},"end":{"line":68,"column":5}},"type":"if","locations":[{"start":{"line":61,"column":4},"end":{"line":68,"column":5}}]},"1":{"loc":{"start":{"line":82,"column":2},"end":{"line":84,"column":3}},"type":"if","locations":[{"start":{"line":82,"column":2},"end":{"line":84,"column":3}}]},"2":{"loc":{"start":{"line":86,"column":9},"end":{"line":86,"column":55}},"type":"cond-expr","locations":[{"start":{"line":86,"column":18},"end":{"line":86,"column":50}},{"start":{"line":86,"column":53},"end":{"line":86,"column":55}}]}},"s":{"0":0,"1":0,"2":0,"3":0,"4":0,"5":0,"6":0,"7":0,"8":0,"9":0,"10":0,"11":0,"12":0,"13":0,"14":0,"15":0,"16":0,"17":0,"18":0},"f":{"0":0,"1":0},"b":{"0":[0],"1":[0],"2":[0,0]}}
,"/Users/masa/Projects/code-review/src/utils/rateLimiter.ts": {"path":"/Users/masa/Projects/code-review/src/utils/rateLimiter.ts","statementMap":{"0":{"start":{"line":24,"column":35},"end":{"line":24,"column":37}},"1":{"start":{"line":32,"column":4},"end":{"line":32,"column":53}},"2":{"start":{"line":41,"column":16},"end":{"line":41,"column":26}},"3":{"start":{"line":42,"column":25},"end":{"line":42,"column":40}},"4":{"start":{"line":43,"column":4},"end":{"line":43,"column":78}},"5":{"start":{"line":43,"column":57},"end":{"line":43,"column":76}},"6":{"start":{"line":46,"column":4},"end":{"line":58,"column":5}},"7":{"start":{"line":48,"column":28},"end":{"line":48,"column":48}},"8":{"start":{"line":49,"column":25},"end":{"line":49,"column":62}},"9":{"start":{"line":51,"column":6},"end":{"line":51,"column":114}},"10":{"start":{"line":54,"column":6},"end":{"line":54,"column":68}},"11":{"start":{"line":54,"column":35},"end":{"line":54,"column":66}},"12":{"start":{"line":57,"column":6},"end":{"line":57,"column":33}},"13":{"start":{"line":61,"column":4},"end":{"line":61,"column":32}},"14":{"start":{"line":68,"column":4},"end":{"line":68,"column":31}},"15":{"start":{"line":23,"column":0},"end":{"line":23,"column":13}},"16":{"start":{"line":81,"column":13},"end":{"line":81,"column":53}}},"fnMap":{"0":{"name":"(anonymous_0)","decl":{"start":{"line":31,"column":2},"end":{"line":31,"column":14}},"loc":{"start":{"line":31,"column":47},"end":{"line":33,"column":3}}},"1":{"name":"(anonymous_1)","decl":{"start":{"line":39,"column":9},"end":{"line":39,"column":14}},"loc":{"start":{"line":39,"column":27},"end":{"line":62,"column":3}}},"2":{"name":"(anonymous_2)","decl":{"start":{"line":43,"column":49},"end":{"line":43,"column":53}},"loc":{"start":{"line":43,"column":57},"end":{"line":43,"column":76}}},"3":{"name":"(anonymous_3)","decl":{"start":{"line":54,"column":24},"end":{"line":54,"column":31}},"loc":{"start":{"line":54,"column":35},"end":{"line":54,"column":66}}},"4":{"name":"(anonymous_4)","decl":{"start":{"line":67,"column":9},"end":{"line":67,"column":14}},"loc":{"start":{"line":67,"column":22},"end":{"line":69,"column":3}}},"5":{"name":"(anonymous_5)","decl":{"start":{"line":74,"column":9},"end":{"line":74,"column":16}},"loc":{"start":{"line":74,"column":16},"end":{"line":77,"column":3}}}},"branchMap":{"0":{"loc":{"start":{"line":31,"column":14},"end":{"line":31,"column":47}},"type":"default-arg","locations":[{"start":{"line":31,"column":45},"end":{"line":31,"column":47}}]},"1":{"loc":{"start":{"line":46,"column":4},"end":{"line":58,"column":5}},"type":"if","locations":[{"start":{"line":46,"column":4},"end":{"line":58,"column":5}}]}},"s":{"0":7,"1":7,"2":21,"3":21,"4":21,"5":46,"6":21,"7":1,"8":1,"9":1,"10":1,"11":1,"12":1,"13":20,"14":1,"15":1,"16":1},"f":{"0":7,"1":21,"2":46,"3":1,"4":1,"5":1},"b":{"0":[0],"1":[1]}}
,"/Users/masa/Projects/code-review/src/utils/reviewActionHandler.ts": {"path":"/Users/masa/Projects/code-review/src/utils/reviewActionHandler.ts","statementMap":{"0":{"start":{"line":76,"column":0},"end":{"line":76,"column":7}},"1":{"start":{"line":348,"column":0},"end":{"line":348,"column":7}},"2":{"start":{"line":18,"column":0},"end":{"line":18,"column":24}},"3":{"start":{"line":19,"column":0},"end":{"line":19,"column":63}},"4":{"start":{"line":20,"column":0},"end":{"line":20,"column":32}},"5":{"start":{"line":25,"column":0},"end":{"line":25,"column":null}},"6":{"start":{"line":26,"column":2},"end":{"line":26,"column":null}},"7":{"start":{"line":27,"column":2},"end":{"line":27,"column":null}},"8":{"start":{"line":28,"column":2},"end":{"line":28,"column":null}},"9":{"start":{"line":47,"column":2},"end":{"line":50,"column":5}},"10":{"start":{"line":59,"column":13},"end":{"line":59,"column":38}},"11":{"start":{"line":61,"column":2},"end":{"line":66,"column":5}},"12":{"start":{"line":62,"column":4},"end":{"line":65,"column":7}},"13":{"start":{"line":63,"column":6},"end":{"line":63,"column":17}},"14":{"start":{"line":64,"column":6},"end":{"line":64,"column":78}},"15":{"start":{"line":81,"column":39},"end":{"line":81,"column":41}},"16":{"start":{"line":84,"column":2},"end":{"line":105,"column":3}},"17":{"start":{"line":85,"column":33},"end":{"line":85,"column":37}},"18":{"start":{"line":87,"column":4},"end":{"line":97,"column":5}},"19":{"start":{"line":89,"column":8},"end":{"line":89,"column":98}},"20":{"start":{"line":90,"column":8},"end":{"line":90,"column":14}},"21":{"start":{"line":92,"column":8},"end":{"line":92,"column":97}},"22":{"start":{"line":93,"column":8},"end":{"line":93,"column":14}},"23":{"start":{"line":95,"column":8},"end":{"line":95,"column":78}},"24":{"start":{"line":96,"column":8},"end":{"line":96,"column":14}},"25":{"start":{"line":99,"column":4},"end":{"line":102,"column":5}},"26":{"start":{"line":100,"column":34},"end":{"line":100,"column":93}},"27":{"start":{"line":101,"column":6},"end":{"line":101,"column":47}},"28":{"start":{"line":104,"column":4},"end":{"line":104,"column":23}},"29":{"start":{"line":109,"column":30},"end":{"line":109,"column":109}},"30":{"start":{"line":110,"column":2},"end":{"line":113,"column":3}},"31":{"start":{"line":111,"column":36},"end":{"line":111,"column":110}},"32":{"start":{"line":112,"column":4},"end":{"line":112,"column":49}},"33":{"start":{"line":116,"column":32},"end":{"line":116,"column":110}},"34":{"start":{"line":117,"column":2},"end":{"line":120,"column":3}},"35":{"start":{"line":118,"column":38},"end":{"line":118,"column":116}},"36":{"start":{"line":119,"column":4},"end":{"line":119,"column":51}},"37":{"start":{"line":123,"column":29},"end":{"line":123,"column":88}},"38":{"start":{"line":124,"column":2},"end":{"line":127,"column":3}},"39":{"start":{"line":125,"column":35},"end":{"line":125,"column":107}},"40":{"start":{"line":126,"column":4},"end":{"line":126,"column":48}},"41":{"start":{"line":129,"column":2},"end":{"line":129,"column":21}},"42":{"start":{"line":140,"column":21},"end":{"line":140,"column":49}},"43":{"start":{"line":141,"column":2},"end":{"line":141,"column":37}},"44":{"start":{"line":141,"column":25},"end":{"line":141,"column":37}},"45":{"start":{"line":143,"column":19},"end":{"line":143,"column":57}},"46":{"start":{"line":144,"column":2},"end":{"line":144,"column":60}},"47":{"start":{"line":144,"column":23},"end":{"line":144,"column":60}},"48":{"start":{"line":146,"column":2},"end":{"line":146,"column":49}},"49":{"start":{"line":161,"column":39},"end":{"line":161,"column":41}},"50":{"start":{"line":164,"column":22},"end":{"line":164,"column":119}},"51":{"start":{"line":164,"column":81},"end":{"line":164,"column":118}},"52":{"start":{"line":166,"column":2},"end":{"line":240,"column":3}},"53":{"start":{"line":167,"column":4},"end":{"line":239,"column":5}},"54":{"start":{"line":169,"column":25},"end":{"line":169,"column":67}},"55":{"start":{"line":170,"column":6},"end":{"line":170,"column":32}},"56":{"start":{"line":170,"column":23},"end":{"line":170,"column":32}},"57":{"start":{"line":171,"column":31},"end":{"line":171,"column":51}},"58":{"start":{"line":174,"column":24},"end":{"line":174,"column":65}},"59":{"start":{"line":175,"column":6},"end":{"line":175,"column":31}},"60":{"start":{"line":175,"column":22},"end":{"line":175,"column":31}},"61":{"start":{"line":177,"column":23},"end":{"line":177,"column":42}},"62":{"start":{"line":179,"column":26},"end":{"line":179,"column":78}},"63":{"start":{"line":182,"column":28},"end":{"line":182,"column":86}},"64":{"start":{"line":183,"column":6},"end":{"line":194,"column":7}},"65":{"start":{"line":184,"column":8},"end":{"line":184,"column":41}},"66":{"start":{"line":187,"column":30},"end":{"line":188,"column":null}},"67":{"start":{"line":188,"column":10},"end":{"line":188,"column":76}},"68":{"start":{"line":191,"column":8},"end":{"line":193,"column":9}},"69":{"start":{"line":192,"column":10},"end":{"line":192,"column":43}},"70":{"start":{"line":197,"column":27},"end":{"line":197,"column":67}},"71":{"start":{"line":200,"column":28},"end":{"line":200,"column":73}},"72":{"start":{"line":201,"column":23},"end":{"line":201,"column":67}},"73":{"start":{"line":204,"column":31},"end":{"line":204,"column":109}},"74":{"start":{"line":205,"column":25},"end":{"line":209,"column":8}},"75":{"start":{"line":207,"column":24},"end":{"line":207,"column":89}},"76":{"start":{"line":208,"column":8},"end":{"line":208,"column":30}},"77":{"start":{"line":212,"column":40},"end":{"line":216,"column":8}},"78":{"start":{"line":219,"column":6},"end":{"line":225,"column":7}},"79":{"start":{"line":220,"column":8},"end":{"line":220,"column":47}},"80":{"start":{"line":221,"column":8},"end":{"line":221,"column":49}},"81":{"start":{"line":222,"column":13},"end":{"line":225,"column":7}},"82":{"start":{"line":224,"column":8},"end":{"line":224,"column":49}},"83":{"start":{"line":228,"column":30},"end":{"line":228,"column":72}},"84":{"start":{"line":229,"column":6},"end":{"line":233,"column":7}},"85":{"start":{"line":230,"column":26},"end":{"line":230,"column":58}},"86":{"start":{"line":231,"column":24},"end":{"line":231,"column":89}},"87":{"start":{"line":232,"column":8},"end":{"line":232,"column":68}},"88":{"start":{"line":235,"column":6},"end":{"line":235,"column":35}},"89":{"start":{"line":237,"column":6},"end":{"line":237,"column":56}},"90":{"start":{"line":242,"column":2},"end":{"line":242,"column":21}},"91":{"start":{"line":251,"column":2},"end":{"line":337,"column":3}},"92":{"start":{"line":253,"column":19},"end":{"line":253,"column":34}},"93":{"start":{"line":256,"column":4},"end":{"line":263,"column":5}},"94":{"start":{"line":257,"column":20},"end":{"line":257,"column":73}},"95":{"start":{"line":258,"column":6},"end":{"line":262,"column":7}},"96":{"start":{"line":259,"column":8},"end":{"line":259,"column":28}},"97":{"start":{"line":261,"column":8},"end":{"line":261,"column":73}},"98":{"start":{"line":266,"column":4},"end":{"line":269,"column":5}},"99":{"start":{"line":267,"column":6},"end":{"line":267,"column":51}},"100":{"start":{"line":268,"column":6},"end":{"line":268,"column":19}},"101":{"start":{"line":272,"column":24},"end":{"line":272,"column":48}},"102":{"start":{"line":275,"column":4},"end":{"line":325,"column":5}},"103":{"start":{"line":277,"column":6},"end":{"line":281,"column":7}},"104":{"start":{"line":278,"column":27},"end":{"line":278,"column":96}},"105":{"start":{"line":279,"column":8},"end":{"line":279,"column":46}},"106":{"start":{"line":280,"column":8},"end":{"line":280,"column":20}},"107":{"start":{"line":284,"column":36},"end":{"line":284,"column":86}},"108":{"start":{"line":285,"column":36},"end":{"line":285,"column":75}},"109":{"start":{"line":287,"column":6},"end":{"line":299,"column":7}},"110":{"start":{"line":289,"column":25},"end":{"line":289,"column":83}},"111":{"start":{"line":290,"column":8},"end":{"line":298,"column":9}},"112":{"start":{"line":292,"column":25},"end":{"line":292,"column":65}},"113":{"start":{"line":293,"column":29},"end":{"line":295,"column":57}},"114":{"start":{"line":296,"column":10},"end":{"line":296,"column":48}},"115":{"start":{"line":297,"column":10},"end":{"line":297,"column":22}},"116":{"start":{"line":302,"column":6},"end":{"line":321,"column":7}},"117":{"start":{"line":303,"column":22},"end":{"line":303,"column":45}},"118":{"start":{"line":304,"column":31},"end":{"line":304,"column":53}},"119":{"start":{"line":307,"column":8},"end":{"line":320,"column":9}},"120":{"start":{"line":309,"column":33},"end":{"line":309,"column":71}},"121":{"start":{"line":312,"column":10},"end":{"line":319,"column":11}},"122":{"start":{"line":314,"column":29},"end":{"line":314,"column":39}},"123":{"start":{"line":316,"column":12},"end":{"line":316,"column":97}},"124":{"start":{"line":317,"column":12},"end":{"line":317,"column":59}},"125":{"start":{"line":318,"column":12},"end":{"line":318,"column":24}},"126":{"start":{"line":323,"column":6},"end":{"line":323,"column":78}},"127":{"start":{"line":324,"column":6},"end":{"line":324,"column":19}},"128":{"start":{"line":328,"column":4},"end":{"line":331,"column":5}},"129":{"start":{"line":329,"column":6},"end":{"line":329,"column":91}},"130":{"start":{"line":330,"column":6},"end":{"line":330,"column":19}},"131":{"start":{"line":333,"column":4},"end":{"line":333,"column":17}},"132":{"start":{"line":335,"column":4},"end":{"line":335,"column":70}},"133":{"start":{"line":336,"column":4},"end":{"line":336,"column":17}},"134":{"start":{"line":360,"column":26},"end":{"line":360,"column":27}},"135":{"start":{"line":361,"column":28},"end":{"line":361,"column":29}},"136":{"start":{"line":362,"column":25},"end":{"line":362,"column":26}},"137":{"start":{"line":363,"column":25},"end":{"line":363,"column":26}},"138":{"start":{"line":366,"column":2},"end":{"line":366,"column":54}},"139":{"start":{"line":367,"column":34},"end":{"line":367,"column":107}},"140":{"start":{"line":368,"column":2},"end":{"line":368,"column":53}},"141":{"start":{"line":370,"column":2},"end":{"line":393,"column":3}},"142":{"start":{"line":371,"column":4},"end":{"line":371,"column":81}},"143":{"start":{"line":373,"column":4},"end":{"line":390,"column":5}},"144":{"start":{"line":374,"column":6},"end":{"line":374,"column":71}},"145":{"start":{"line":376,"column":6},"end":{"line":387,"column":7}},"146":{"start":{"line":377,"column":8},"end":{"line":377,"column":73}},"147":{"start":{"line":378,"column":8},"end":{"line":378,"column":48}},"148":{"start":{"line":380,"column":24},"end":{"line":380,"column":56}},"149":{"start":{"line":381,"column":8},"end":{"line":386,"column":9}},"150":{"start":{"line":382,"column":10},"end":{"line":382,"column":53}},"151":{"start":{"line":383,"column":10},"end":{"line":383,"column":30}},"152":{"start":{"line":385,"column":10},"end":{"line":385,"column":62}},"153":{"start":{"line":389,"column":6},"end":{"line":389,"column":86}},"154":{"start":{"line":392,"column":4},"end":{"line":392,"column":50}},"155":{"start":{"line":396,"column":2},"end":{"line":396,"column":56}},"156":{"start":{"line":397,"column":36},"end":{"line":397,"column":111}},"157":{"start":{"line":398,"column":2},"end":{"line":398,"column":55}},"158":{"start":{"line":400,"column":2},"end":{"line":438,"column":3}},"159":{"start":{"line":401,"column":4},"end":{"line":401,"column":85}},"160":{"start":{"line":403,"column":4},"end":{"line":435,"column":5}},"161":{"start":{"line":404,"column":6},"end":{"line":432,"column":7}},"162":{"start":{"line":405,"column":8},"end":{"line":405,"column":74}},"163":{"start":{"line":406,"column":8},"end":{"line":406,"column":48}},"164":{"start":{"line":408,"column":8},"end":{"line":418,"column":9}},"165":{"start":{"line":409,"column":10},"end":{"line":409,"column":41}},"166":{"start":{"line":410,"column":10},"end":{"line":410,"column":29}},"167":{"start":{"line":411,"column":10},"end":{"line":411,"column":46}},"168":{"start":{"line":412,"column":10},"end":{"line":412,"column":29}},"169":{"start":{"line":414,"column":10},"end":{"line":414,"column":43}},"170":{"start":{"line":415,"column":10},"end":{"line":415,"column":29}},"171":{"start":{"line":416,"column":10},"end":{"line":416,"column":48}},"172":{"start":{"line":417,"column":10},"end":{"line":417,"column":29}},"173":{"start":{"line":420,"column":32},"end":{"line":420,"column":82}},"174":{"start":{"line":421,"column":8},"end":{"line":431,"column":9}},"175":{"start":{"line":422,"column":26},"end":{"line":422,"column":58}},"176":{"start":{"line":423,"column":10},"end":{"line":428,"column":11}},"177":{"start":{"line":424,"column":12},"end":{"line":424,"column":55}},"178":{"start":{"line":425,"column":12},"end":{"line":425,"column":34}},"179":{"start":{"line":427,"column":12},"end":{"line":427,"column":64}},"180":{"start":{"line":430,"column":10},"end":{"line":430,"column":44}},"181":{"start":{"line":434,"column":6},"end":{"line":434,"column":78}},"182":{"start":{"line":437,"column":4},"end":{"line":437,"column":52}},"183":{"start":{"line":441,"column":2},"end":{"line":441,"column":53}},"184":{"start":{"line":442,"column":33},"end":{"line":442,"column":105}},"185":{"start":{"line":443,"column":2},"end":{"line":443,"column":52}},"186":{"start":{"line":445,"column":2},"end":{"line":483,"column":3}},"187":{"start":{"line":446,"column":4},"end":{"line":446,"column":79}},"188":{"start":{"line":448,"column":4},"end":{"line":480,"column":5}},"189":{"start":{"line":449,"column":6},"end":{"line":477,"column":7}},"190":{"start":{"line":450,"column":8},"end":{"line":450,"column":71}},"191":{"start":{"line":451,"column":8},"end":{"line":451,"column":48}},"192":{"start":{"line":453,"column":8},"end":{"line":463,"column":9}},"193":{"start":{"line":454,"column":10},"end":{"line":454,"column":41}},"194":{"start":{"line":455,"column":10},"end":{"line":455,"column":29}},"195":{"start":{"line":456,"column":10},"end":{"line":456,"column":46}},"196":{"start":{"line":457,"column":10},"end":{"line":457,"column":29}},"197":{"start":{"line":459,"column":10},"end":{"line":459,"column":43}},"198":{"start":{"line":460,"column":10},"end":{"line":460,"column":29}},"199":{"start":{"line":461,"column":10},"end":{"line":461,"column":48}},"200":{"start":{"line":462,"column":10},"end":{"line":462,"column":29}},"201":{"start":{"line":465,"column":32},"end":{"line":465,"column":82}},"202":{"start":{"line":466,"column":8},"end":{"line":476,"column":9}},"203":{"start":{"line":467,"column":26},"end":{"line":467,"column":58}},"204":{"start":{"line":468,"column":10},"end":{"line":473,"column":11}},"205":{"start":{"line":469,"column":12},"end":{"line":469,"column":55}},"206":{"start":{"line":470,"column":12},"end":{"line":470,"column":31}},"207":{"start":{"line":472,"column":12},"end":{"line":472,"column":64}},"208":{"start":{"line":475,"column":10},"end":{"line":475,"column":44}},"209":{"start":{"line":479,"column":6},"end":{"line":479,"column":75}},"210":{"start":{"line":482,"column":4},"end":{"line":482,"column":49}},"211":{"start":{"line":486,"column":2},"end":{"line":491,"column":4}}},"fnMap":{"0":{"name":"(anonymous_1)","decl":{"start":{"line":25,"column":0},"end":{"line":25,"column":12}},"loc":{"start":{"line":25,"column":23},"end":{"line":29,"column":1}}},"1":{"name":"createReadlineInterface","decl":{"start":{"line":46,"column":9},"end":{"line":46,"column":32}},"loc":{"start":{"line":46,"column":32},"end":{"line":51,"column":1}}},"2":{"name":"promptForConfirmation","decl":{"start":{"line":58,"column":15},"end":{"line":58,"column":36}},"loc":{"start":{"line":58,"column":52},"end":{"line":67,"column":1}}},"3":{"name":"(anonymous_4)","decl":{"start":{"line":61,"column":21},"end":{"line":61,"column":22}},"loc":{"start":{"line":61,"column":33},"end":{"line":66,"column":3}}},"4":{"name":"(anonymous_5)","decl":{"start":{"line":62,"column":38},"end":{"line":62,"column":39}},"loc":{"start":{"line":62,"column":49},"end":{"line":65,"column":5}}},"5":{"name":"extractFixSuggestions","decl":{"start":{"line":76,"column":22},"end":{"line":76,"column":43}},"loc":{"start":{"line":79,"column":29},"end":{"line":130,"column":1}}},"6":{"name":"extractSection","decl":{"start":{"line":139,"column":9},"end":{"line":139,"column":23}},"loc":{"start":{"line":139,"column":79},"end":{"line":147,"column":1}}},"7":{"name":"parseSuggestions","decl":{"start":{"line":156,"column":15},"end":{"line":156,"column":31}},"loc":{"start":{"line":159,"column":21},"end":{"line":243,"column":1}}},"8":{"name":"(anonymous_9)","decl":{"start":{"line":164,"column":72},"end":{"line":164,"column":77}},"loc":{"start":{"line":164,"column":81},"end":{"line":164,"column":118}}},"9":{"name":"(anonymous_10)","decl":{"start":{"line":187,"column":68},"end":{"line":187,"column":72}},"loc":{"start":{"line":188,"column":10},"end":{"line":188,"column":76}}},"10":{"name":"(anonymous_11)","decl":{"start":{"line":205,"column":46},"end":{"line":205,"column":51}},"loc":{"start":{"line":205,"column":54},"end":{"line":209,"column":7}}},"11":{"name":"applyFixToFile","decl":{"start":{"line":250,"column":15},"end":{"line":250,"column":29}},"loc":{"start":{"line":250,"column":55},"end":{"line":338,"column":1}}},"12":{"name":"processReviewResults","decl":{"start":{"line":348,"column":22},"end":{"line":348,"column":42}},"loc":{"start":{"line":352,"column":36},"end":{"line":492,"column":1}}}},"branchMap":{"0":{"loc":{"start":{"line":25,"column":12},"end":{"line":25,"column":null}},"type":"binary-expr","locations":[{"start":{"line":25,"column":12},"end":{"line":25,"column":23}},{"start":{"line":25,"column":23},"end":{"line":25,"column":null}}]},"1":{"loc":{"start":{"line":64,"column":14},"end":{"line":64,"column":76}},"type":"binary-expr","locations":[{"start":{"line":64,"column":14},"end":{"line":64,"column":42}},{"start":{"line":64,"column":46},"end":{"line":64,"column":76}}]},"2":{"loc":{"start":{"line":84,"column":2},"end":{"line":105,"column":3}},"type":"if","locations":[{"start":{"line":84,"column":2},"end":{"line":105,"column":3}}]},"3":{"loc":{"start":{"line":87,"column":4},"end":{"line":97,"column":5}},"type":"switch","locations":[{"start":{"line":88,"column":6},"end":{"line":90,"column":14}},{"start":{"line":91,"column":6},"end":{"line":93,"column":14}},{"start":{"line":94,"column":6},"end":{"line":96,"column":14}}]},"4":{"loc":{"start":{"line":99,"column":4},"end":{"line":102,"column":5}},"type":"if","locations":[{"start":{"line":99,"column":4},"end":{"line":102,"column":5}}]},"5":{"loc":{"start":{"line":110,"column":2},"end":{"line":113,"column":3}},"type":"if","locations":[{"start":{"line":110,"column":2},"end":{"line":113,"column":3}}]},"6":{"loc":{"start":{"line":117,"column":2},"end":{"line":120,"column":3}},"type":"if","locations":[{"start":{"line":117,"column":2},"end":{"line":120,"column":3}}]},"7":{"loc":{"start":{"line":124,"column":2},"end":{"line":127,"column":3}},"type":"if","locations":[{"start":{"line":124,"column":2},"end":{"line":127,"column":3}}]},"8":{"loc":{"start":{"line":141,"column":2},"end":{"line":141,"column":37}},"type":"if","locations":[{"start":{"line":141,"column":2},"end":{"line":141,"column":37}}]},"9":{"loc":{"start":{"line":144,"column":2},"end":{"line":144,"column":60}},"type":"if","locations":[{"start":{"line":144,"column":2},"end":{"line":144,"column":60}}]},"10":{"loc":{"start":{"line":170,"column":6},"end":{"line":170,"column":32}},"type":"if","locations":[{"start":{"line":170,"column":6},"end":{"line":170,"column":32}}]},"11":{"loc":{"start":{"line":175,"column":6},"end":{"line":175,"column":31}},"type":"if","locations":[{"start":{"line":175,"column":6},"end":{"line":175,"column":31}}]},"12":{"loc":{"start":{"line":183,"column":6},"end":{"line":194,"column":7}},"type":"if","locations":[{"start":{"line":183,"column":6},"end":{"line":194,"column":7}},{"start":{"line":185,"column":13},"end":{"line":194,"column":7}}]},"13":{"loc":{"start":{"line":188,"column":10},"end":{"line":188,"column":76}},"type":"binary-expr","locations":[{"start":{"line":188,"column":10},"end":{"line":188,"column":28}},{"start":{"line":188,"column":32},"end":{"line":188,"column":52}},{"start":{"line":188,"column":56},"end":{"line":188,"column":76}}]},"14":{"loc":{"start":{"line":191,"column":8},"end":{"line":193,"column":9}},"type":"if","locations":[{"start":{"line":191,"column":8},"end":{"line":193,"column":9}}]},"15":{"loc":{"start":{"line":201,"column":23},"end":{"line":201,"column":67}},"type":"cond-expr","locations":[{"start":{"line":201,"column":39},"end":{"line":201,"column":62}},{"start":{"line":201,"column":65},"end":{"line":201,"column":67}}]},"16":{"loc":{"start":{"line":204,"column":31},"end":{"line":204,"column":109}},"type":"binary-expr","locations":[{"start":{"line":204,"column":31},"end":{"line":204,"column":103}},{"start":{"line":204,"column":107},"end":{"line":204,"column":109}}]},"17":{"loc":{"start":{"line":219,"column":6},"end":{"line":225,"column":7}},"type":"if","locations":[{"start":{"line":219,"column":6},"end":{"line":225,"column":7}},{"start":{"line":222,"column":13},"end":{"line":225,"column":7}}]},"18":{"loc":{"start":{"line":222,"column":13},"end":{"line":225,"column":7}},"type":"if","locations":[{"start":{"line":222,"column":13},"end":{"line":225,"column":7}}]},"19":{"loc":{"start":{"line":229,"column":6},"end":{"line":233,"column":7}},"type":"if","locations":[{"start":{"line":229,"column":6},"end":{"line":233,"column":7}}]},"20":{"loc":{"start":{"line":231,"column":24},"end":{"line":231,"column":89}},"type":"cond-expr","locations":[{"start":{"line":231,"column":45},"end":{"line":231,"column":77}},{"start":{"line":231,"column":80},"end":{"line":231,"column":89}}]},"21":{"loc":{"start":{"line":256,"column":4},"end":{"line":263,"column":5}},"type":"if","locations":[{"start":{"line":256,"column":4},"end":{"line":263,"column":5}}]},"22":{"loc":{"start":{"line":256,"column":8},"end":{"line":256,"column":56}},"type":"binary-expr","locations":[{"start":{"line":256,"column":8},"end":{"line":256,"column":30}},{"start":{"line":256,"column":34},"end":{"line":256,"column":56}}]},"23":{"loc":{"start":{"line":258,"column":6},"end":{"line":262,"column":7}},"type":"if","locations":[{"start":{"line":258,"column":6},"end":{"line":262,"column":7}}]},"24":{"loc":{"start":{"line":266,"column":4},"end":{"line":269,"column":5}},"type":"if","locations":[{"start":{"line":266,"column":4},"end":{"line":269,"column":5}}]},"25":{"loc":{"start":{"line":275,"column":4},"end":{"line":325,"column":5}},"type":"if","locations":[{"start":{"line":275,"column":4},"end":{"line":325,"column":5}}]},"26":{"loc":{"start":{"line":275,"column":8},"end":{"line":275,"column":58}},"type":"binary-expr","locations":[{"start":{"line":275,"column":8},"end":{"line":275,"column":30}},{"start":{"line":275,"column":34},"end":{"line":275,"column":58}}]},"27":{"loc":{"start":{"line":277,"column":6},"end":{"line":281,"column":7}},"type":"if","locations":[{"start":{"line":277,"column":6},"end":{"line":281,"column":7}}]},"28":{"loc":{"start":{"line":287,"column":6},"end":{"line":299,"column":7}},"type":"if","locations":[{"start":{"line":287,"column":6},"end":{"line":299,"column":7}}]},"29":{"loc":{"start":{"line":290,"column":8},"end":{"line":298,"column":9}},"type":"if","locations":[{"start":{"line":290,"column":8},"end":{"line":298,"column":9}}]},"30":{"loc":{"start":{"line":302,"column":6},"end":{"line":321,"column":7}},"type":"if","locations":[{"start":{"line":302,"column":6},"end":{"line":321,"column":7}}]},"31":{"loc":{"start":{"line":307,"column":8},"end":{"line":320,"column":9}},"type":"if","locations":[{"start":{"line":307,"column":8},"end":{"line":320,"column":9}}]},"32":{"loc":{"start":{"line":307,"column":12},"end":{"line":307,"column":44}},"type":"binary-expr","locations":[{"start":{"line":307,"column":12},"end":{"line":307,"column":21}},{"start":{"line":307,"column":25},"end":{"line":307,"column":44}}]},"33":{"loc":{"start":{"line":312,"column":10},"end":{"line":319,"column":11}},"type":"if","locations":[{"start":{"line":312,"column":10},"end":{"line":319,"column":11}}]},"34":{"loc":{"start":{"line":312,"column":14},"end":{"line":313,"column":82}},"type":"binary-expr","locations":[{"start":{"line":312,"column":14},"end":{"line":312,"column":69}},{"start":{"line":313,"column":14},"end":{"line":313,"column":82}}]},"35":{"loc":{"start":{"line":328,"column":4},"end":{"line":331,"column":5}},"type":"if","locations":[{"start":{"line":328,"column":4},"end":{"line":331,"column":5}}]},"36":{"loc":{"start":{"line":328,"column":8},"end":{"line":328,"column":59}},"type":"binary-expr","locations":[{"start":{"line":328,"column":8},"end":{"line":328,"column":32}},{"start":{"line":328,"column":36},"end":{"line":328,"column":59}}]},"37":{"loc":{"start":{"line":351,"column":2},"end":{"line":351,"column":43}},"type":"default-arg","locations":[{"start":{"line":351,"column":39},"end":{"line":351,"column":43}}]},"38":{"loc":{"start":{"line":352,"column":2},"end":{"line":352,"column":36}},"type":"default-arg","locations":[{"start":{"line":352,"column":32},"end":{"line":352,"column":36}}]},"39":{"loc":{"start":{"line":370,"column":2},"end":{"line":393,"column":3}},"type":"if","locations":[{"start":{"line":370,"column":2},"end":{"line":393,"column":3}},{"start":{"line":391,"column":9},"end":{"line":393,"column":3}}]},"40":{"loc":{"start":{"line":373,"column":4},"end":{"line":390,"column":5}},"type":"if","locations":[{"start":{"line":373,"column":4},"end":{"line":390,"column":5}},{"start":{"line":388,"column":11},"end":{"line":390,"column":5}}]},"41":{"loc":{"start":{"line":381,"column":8},"end":{"line":386,"column":9}},"type":"if","locations":[{"start":{"line":381,"column":8},"end":{"line":386,"column":9}},{"start":{"line":384,"column":15},"end":{"line":386,"column":9}}]},"42":{"loc":{"start":{"line":400,"column":2},"end":{"line":438,"column":3}},"type":"if","locations":[{"start":{"line":400,"column":2},"end":{"line":438,"column":3}},{"start":{"line":436,"column":9},"end":{"line":438,"column":3}}]},"43":{"loc":{"start":{"line":403,"column":4},"end":{"line":435,"column":5}},"type":"if","locations":[{"start":{"line":403,"column":4},"end":{"line":435,"column":5}},{"start":{"line":433,"column":11},"end":{"line":435,"column":5}}]},"44":{"loc":{"start":{"line":408,"column":8},"end":{"line":418,"column":9}},"type":"if","locations":[{"start":{"line":408,"column":8},"end":{"line":418,"column":9}}]},"45":{"loc":{"start":{"line":408,"column":12},"end":{"line":408,"column":62}},"type":"binary-expr","locations":[{"start":{"line":408,"column":12},"end":{"line":408,"column":34}},{"start":{"line":408,"column":38},"end":{"line":408,"column":62}}]},"46":{"loc":{"start":{"line":421,"column":8},"end":{"line":431,"column":9}},"type":"if","locations":[{"start":{"line":421,"column":8},"end":{"line":431,"column":9}},{"start":{"line":429,"column":15},"end":{"line":431,"column":9}}]},"47":{"loc":{"start":{"line":423,"column":10},"end":{"line":428,"column":11}},"type":"if","locations":[{"start":{"line":423,"column":10},"end":{"line":428,"column":11}},{"start":{"line":426,"column":17},"end":{"line":428,"column":11}}]},"48":{"loc":{"start":{"line":445,"column":2},"end":{"line":483,"column":3}},"type":"if","locations":[{"start":{"line":445,"column":2},"end":{"line":483,"column":3}},{"start":{"line":481,"column":9},"end":{"line":483,"column":3}}]},"49":{"loc":{"start":{"line":448,"column":4},"end":{"line":480,"column":5}},"type":"if","locations":[{"start":{"line":448,"column":4},"end":{"line":480,"column":5}},{"start":{"line":478,"column":11},"end":{"line":480,"column":5}}]},"50":{"loc":{"start":{"line":453,"column":8},"end":{"line":463,"column":9}},"type":"if","locations":[{"start":{"line":453,"column":8},"end":{"line":463,"column":9}}]},"51":{"loc":{"start":{"line":453,"column":12},"end":{"line":453,"column":62}},"type":"binary-expr","locations":[{"start":{"line":453,"column":12},"end":{"line":453,"column":34}},{"start":{"line":453,"column":38},"end":{"line":453,"column":62}}]},"52":{"loc":{"start":{"line":466,"column":8},"end":{"line":476,"column":9}},"type":"if","locations":[{"start":{"line":466,"column":8},"end":{"line":476,"column":9}},{"start":{"line":474,"column":15},"end":{"line":476,"column":9}}]},"53":{"loc":{"start":{"line":468,"column":10},"end":{"line":473,"column":11}},"type":"if","locations":[{"start":{"line":468,"column":10},"end":{"line":473,"column":11}},{"start":{"line":471,"column":17},"end":{"line":473,"column":11}}]}},"s":{"0":0,"1":0,"2":0,"3":0,"4":0,"5":0,"6":0,"7":0,"8":0,"9":0,"10":0,"11":0,"12":0,"13":0,"14":0,"15":0,"16":0,"17":0,"18":0,"19":0,"20":0,"21":0,"22":0,"23":0,"24":0,"25":0,"26":0,"27":0,"28":0,"29":0,"30":0,"31":0,"32":0,"33":0,"34":0,"35":0,"36":0,"37":0,"38":0,"39":0,"40":0,"41":0,"42":0,"43":0,"44":0,"45":0,"46":0,"47":0,"48":0,"49":0,"50":0,"51":0,"52":0,"53":0,"54":0,"55":0,"56":0,"57":0,"58":0,"59":0,"60":0,"61":0,"62":0,"63":0,"64":0,"65":0,"66":0,"67":0,"68":0,"69":0,"70":0,"71":0,"72":0,"73":0,"74":0,"75":0,"76":0,"77":0,"78":0,"79":0,"80":0,"81":0,"82":0,"83":0,"84":0,"85":0,"86":0,"87":0,"88":0,"89":0,"90":0,"91":0,"92":0,"93":0,"94":0,"95":0,"96":0,"97":0,"98":0,"99":0,"100":0,"101":0,"102":0,"103":0,"104":0,"105":0,"106":0,"107":0,"108":0,"109":0,"110":0,"111":0,"112":0,"113":0,"114":0,"115":0,"116":0,"117":0,"118":0,"119":0,"120":0,"121":0,"122":0,"123":0,"124":0,"125":0,"126":0,"127":0,"128":0,"129":0,"130":0,"131":0,"132":0,"133":0,"134":0,"135":0,"136":0,"137":0,"138":0,"139":0,"140":0,"141":0,"142":0,"143":0,"144":0,"145":0,"146":0,"147":0,"148":0,"149":0,"150":0,"151":0,"152":0,"153":0,"154":0,"155":0,"156":0,"157":0,"158":0,"159":0,"160":0,"161":0,"162":0,"163":0,"164":0,"165":0,"166":0,"167":0,"168":0,"169":0,"170":0,"171":0,"172":0,"173":0,"174":0,"175":0,"176":0,"177":0,"178":0,"179":0,"180":0,"181":0,"182":0,"183":0,"184":0,"185":0,"186":0,"187":0,"188":0,"189":0,"190":0,"191":0,"192":0,"193":0,"194":0,"195":0,"196":0,"197":0,"198":0,"199":0,"200":0,"201":0,"202":0,"203":0,"204":0,"205":0,"206":0,"207":0,"208":0,"209":0,"210":0,"211":0},"f":{"0":0,"1":0,"2":0,"3":0,"4":0,"5":0,"6":0,"7":0,"8":0,"9":0,"10":0,"11":0,"12":0},"b":{"0":[0,0],"1":[0,0],"2":[0],"3":[0,0,0],"4":[0],"5":[0],"6":[0],"7":[0],"8":[0],"9":[0],"10":[0],"11":[0],"12":[0,0],"13":[0,0,0],"14":[0],"15":[0,0],"16":[0,0],"17":[0,0],"18":[0],"19":[0],"20":[0,0],"21":[0],"22":[0,0],"23":[0],"24":[0],"25":[0],"26":[0,0],"27":[0],"28":[0],"29":[0],"30":[0],"31":[0],"32":[0,0],"33":[0],"34":[0,0],"35":[0],"36":[0,0],"37":[0],"38":[0],"39":[0,0],"40":[0,0],"41":[0,0],"42":[0,0],"43":[0,0],"44":[0],"45":[0,0],"46":[0,0],"47":[0,0],"48":[0,0],"49":[0,0],"50":[0],"51":[0,0],"52":[0,0],"53":[0,0]}}
,"/Users/masa/Projects/code-review/src/utils/sanitizer.ts": {"path":"/Users/masa/Projects/code-review/src/utils/sanitizer.ts","statementMap":{"0":{"start":{"line":33,"column":0},"end":{"line":33,"column":16}},"1":{"start":{"line":86,"column":0},"end":{"line":86,"column":16}},"2":{"start":{"line":20,"column":0},"end":{"line":20,"column":30}},"3":{"start":{"line":21,"column":0},"end":{"line":21,"column":40}},"4":{"start":{"line":24,"column":15},"end":{"line":24,"column":89}},"5":{"start":{"line":25,"column":18},"end":{"line":25,"column":41}},"6":{"start":{"line":35,"column":2},"end":{"line":37,"column":3}},"7":{"start":{"line":36,"column":4},"end":{"line":36,"column":14}},"8":{"start":{"line":39,"column":2},"end":{"line":77,"column":3}},"9":{"start":{"line":41,"column":22},"end":{"line":70,"column":6}},"10":{"start":{"line":72,"column":4},"end":{"line":72,"column":21}},"11":{"start":{"line":74,"column":4},"end":{"line":74,"column":54}},"12":{"start":{"line":76,"column":4},"end":{"line":76,"column":61}},"13":{"start":{"line":87,"column":2},"end":{"line":89,"column":3}},"14":{"start":{"line":88,"column":4},"end":{"line":88,"column":14}},"15":{"start":{"line":93,"column":2},"end":{"line":93,"column":57}}},"fnMap":{"0":{"name":"sanitizeContent","decl":{"start":{"line":33,"column":16},"end":{"line":33,"column":31}},"loc":{"start":{"line":33,"column":66},"end":{"line":78,"column":1}}},"1":{"name":"sanitizeFilename","decl":{"start":{"line":86,"column":16},"end":{"line":86,"column":32}},"loc":{"start":{"line":86,"column":68},"end":{"line":94,"column":1}}}},"branchMap":{"0":{"loc":{"start":{"line":35,"column":2},"end":{"line":37,"column":3}},"type":"if","locations":[{"start":{"line":35,"column":2},"end":{"line":37,"column":3}}]},"1":{"loc":{"start":{"line":87,"column":2},"end":{"line":89,"column":3}},"type":"if","locations":[{"start":{"line":87,"column":2},"end":{"line":89,"column":3}}]}},"s":{"0":1,"1":1,"2":1,"3":1,"4":1,"5":1,"6":9,"7":2,"8":7,"9":7,"10":7,"11":0,"12":0,"13":7,"14":2,"15":5},"f":{"0":9,"1":7},"b":{"0":[2],"1":[2]}}
,"/Users/masa/Projects/code-review/src/utils/streamHandler.ts": {"path":"/Users/masa/Projects/code-review/src/utils/streamHandler.ts","statementMap":{"0":{"start":{"line":22,"column":0},"end":{"line":22,"column":26}},"1":{"start":{"line":28,"column":28},"end":{"line":28,"column":30}},"2":{"start":{"line":39,"column":4},"end":{"line":39,"column":33}},"3":{"start":{"line":40,"column":4},"end":{"line":40,"column":32}},"4":{"start":{"line":41,"column":4},"end":{"line":41,"column":31}},"5":{"start":{"line":44,"column":4},"end":{"line":44,"column":22}},"6":{"start":{"line":45,"column":4},"end":{"line":45,"column":81}},"7":{"start":{"line":46,"column":4},"end":{"line":46,"column":56}},"8":{"start":{"line":47,"column":4},"end":{"line":47,"column":54}},"9":{"start":{"line":48,"column":4},"end":{"line":48,"column":72}},"10":{"start":{"line":49,"column":4},"end":{"line":49,"column":22}},"11":{"start":{"line":58,"column":4},"end":{"line":58,"column":26}},"12":{"start":{"line":61,"column":4},"end":{"line":61,"column":32}},"13":{"start":{"line":69,"column":21},"end":{"line":69,"column":70}},"14":{"start":{"line":71,"column":4},"end":{"line":71,"column":22}},"15":{"start":{"line":72,"column":4},"end":{"line":72,"column":72}},"16":{"start":{"line":73,"column":4},"end":{"line":73,"column":96}},"17":{"start":{"line":74,"column":4},"end":{"line":74,"column":22}},"18":{"start":{"line":76,"column":4},"end":{"line":76,"column":24}},"19":{"start":{"line":27,"column":0},"end":{"line":27,"column":13}}},"fnMap":{"0":{"name":"(anonymous_1)","decl":{"start":{"line":38,"column":2},"end":{"line":38,"column":14}},"loc":{"start":{"line":38,"column":55},"end":{"line":50,"column":3}}},"1":{"name":"(anonymous_2)","decl":{"start":{"line":56,"column":9},"end":{"line":56,"column":20}},"loc":{"start":{"line":56,"column":34},"end":{"line":62,"column":3}}},"2":{"name":"(anonymous_3)","decl":{"start":{"line":68,"column":9},"end":{"line":68,"column":17}},"loc":{"start":{"line":68,"column":17},"end":{"line":77,"column":3}}}},"branchMap":{"0":{"loc":{"start":{"line":48,"column":40},"end":{"line":48,"column":68}},"type":"binary-expr","locations":[{"start":{"line":48,"column":40},"end":{"line":48,"column":62}},{"start":{"line":48,"column":66},"end":{"line":48,"column":68}}]},"1":{"loc":{"start":{"line":72,"column":40},"end":{"line":72,"column":68}},"type":"binary-expr","locations":[{"start":{"line":72,"column":40},"end":{"line":72,"column":62}},{"start":{"line":72,"column":66},"end":{"line":72,"column":68}}]}},"s":{"0":0,"1":0,"2":0,"3":0,"4":0,"5":0,"6":0,"7":0,"8":0,"9":0,"10":0,"11":0,"12":0,"13":0,"14":0,"15":0,"16":0,"17":0,"18":0,"19":0},"f":{"0":0,"1":0,"2":0},"b":{"0":[0,0],"1":[0,0]}}
,"/Users/masa/Projects/code-review/src/utils/tokenCounter.ts": {"path":"/Users/masa/Projects/code-review/src/utils/tokenCounter.ts","statementMap":{"0":{"start":{"line":30,"column":0},"end":{"line":30,"column":16}},"1":{"start":{"line":116,"column":0},"end":{"line":116,"column":16}},"2":{"start":{"line":132,"column":0},"end":{"line":132,"column":16}},"3":{"start":{"line":155,"column":0},"end":{"line":155,"column":16}},"4":{"start":{"line":182,"column":0},"end":{"line":182,"column":16}},"5":{"start":{"line":32,"column":2},"end":{"line":32,"column":36}},"6":{"start":{"line":41,"column":91},"end":{"line":91,"column":2}},"7":{"start":{"line":100,"column":2},"end":{"line":103,"column":3}},"8":{"start":{"line":101,"column":28},"end":{"line":101,"column":69}},"9":{"start":{"line":102,"column":4},"end":{"line":102,"column":70}},"10":{"start":{"line":106,"column":2},"end":{"line":106,"column":62}},"11":{"start":{"line":121,"column":18},"end":{"line":121,"column":44}},"12":{"start":{"line":122,"column":20},"end":{"line":122,"column":65}},"13":{"start":{"line":123,"column":21},"end":{"line":123,"column":68}},"14":{"start":{"line":124,"column":2},"end":{"line":124,"column":32}},"15":{"start":{"line":133,"column":2},"end":{"line":133,"column":35}},"16":{"start":{"line":160,"column":22},"end":{"line":160,"column":51}},"17":{"start":{"line":161,"column":23},"end":{"line":161,"column":53}},"18":{"start":{"line":162,"column":22},"end":{"line":162,"column":48}},"19":{"start":{"line":163,"column":24},"end":{"line":163,"column":75}},"20":{"start":{"line":165,"column":2},"end":{"line":172,"column":4}},"21":{"start":{"line":187,"column":22},"end":{"line":187,"column":48}},"22":{"start":{"line":188,"column":24},"end":{"line":188,"column":75}},"23":{"start":{"line":190,"column":2},"end":{"line":197,"column":4}}},"fnMap":{"0":{"name":"estimateTokenCount","decl":{"start":{"line":30,"column":16},"end":{"line":30,"column":34}},"loc":{"start":{"line":30,"column":47},"end":{"line":33,"column":1}}},"1":{"name":"getModelPricing","decl":{"start":{"line":98,"column":9},"end":{"line":98,"column":24}},"loc":{"start":{"line":98,"column":42},"end":{"line":107,"column":1}}},"2":{"name":"calculateCost","decl":{"start":{"line":116,"column":16},"end":{"line":116,"column":29}},"loc":{"start":{"line":119,"column":38},"end":{"line":125,"column":1}}},"3":{"name":"formatCost","decl":{"start":{"line":132,"column":16},"end":{"line":132,"column":26}},"loc":{"start":{"line":132,"column":39},"end":{"line":134,"column":1}}},"4":{"name":"getCostInfoFromText","decl":{"start":{"line":155,"column":16},"end":{"line":155,"column":35}},"loc":{"start":{"line":158,"column":38},"end":{"line":173,"column":1}}},"5":{"name":"getCostInfo","decl":{"start":{"line":182,"column":16},"end":{"line":182,"column":27}},"loc":{"start":{"line":185,"column":38},"end":{"line":198,"column":1}}}},"branchMap":{"0":{"loc":{"start":{"line":100,"column":2},"end":{"line":103,"column":3}},"type":"if","locations":[{"start":{"line":100,"column":2},"end":{"line":103,"column":3}}]},"1":{"loc":{"start":{"line":102,"column":11},"end":{"line":102,"column":69}},"type":"binary-expr","locations":[{"start":{"line":102,"column":11},"end":{"line":102,"column":41}},{"start":{"line":102,"column":45},"end":{"line":102,"column":69}}]},"2":{"loc":{"start":{"line":106,"column":9},"end":{"line":106,"column":61}},"type":"binary-expr","locations":[{"start":{"line":106,"column":9},"end":{"line":106,"column":33}},{"start":{"line":106,"column":37},"end":{"line":106,"column":61}}]},"3":{"loc":{"start":{"line":119,"column":2},"end":{"line":119,"column":38}},"type":"default-arg","locations":[{"start":{"line":119,"column":22},"end":{"line":119,"column":38}}]},"4":{"loc":{"start":{"line":158,"column":2},"end":{"line":158,"column":38}},"type":"default-arg","locations":[{"start":{"line":158,"column":22},"end":{"line":158,"column":38}}]},"5":{"loc":{"start":{"line":185,"column":2},"end":{"line":185,"column":38}},"type":"default-arg","locations":[{"start":{"line":185,"column":22},"end":{"line":185,"column":38}}]}},"s":{"0":1,"1":1,"2":1,"3":1,"4":1,"5":4,"6":1,"7":0,"8":0,"9":0,"10":0,"11":0,"12":0,"13":0,"14":0,"15":4,"16":0,"17":0,"18":0,"19":0,"20":0,"21":0,"22":0,"23":0},"f":{"0":4,"1":0,"2":0,"3":4,"4":0,"5":0},"b":{"0":[0],"1":[0,0],"2":[0,0],"3":[0],"4":[0],"5":[0]}}
}
