TN:
SF:src/utils/envLoader.ts
FN:25,loadEnvVariables
FN:63,(anonymous_11)
FN:85,getApiKey
FN:131,validateRequiredEnvVars
FNF:4
FNH:0
FNDA:0,loadEnvVariables
FNDA:0,(anonymous_11)
FNDA:0,getApiKey
FNDA:0,validateRequiredEnvVars
DA:16,0
DA:17,0
DA:18,0
DA:25,0
DA:30,0
DA:32,0
DA:35,0
DA:36,0
DA:38,0
DA:45,0
DA:46,0
DA:48,0
DA:49,0
DA:57,0
DA:60,0
DA:61,0
DA:62,0
DA:63,0
DA:65,0
DA:68,0
DA:74,0
DA:85,0
DA:90,0
DA:91,0
DA:94,0
DA:96,0
DA:97,0
DA:100,0
DA:101,0
DA:109,0
DA:110,0
DA:111,0
DA:112,0
DA:120,0
DA:131,0
DA:135,0
DA:137,0
DA:138,0
DA:144,0
LF:39
LH:0
BRDA:32,0,0,0
BRDA:32,0,1,0
BRDA:48,1,0,0
BRDA:60,2,0,0
BRDA:60,2,1,0
BRDA:61,3,0,0
BRDA:61,3,1,0
BRDA:76,4,0,0
BRDA:76,4,1,0
BRDA:94,5,0,0
BRDA:96,6,0,0
BRDA:109,7,0,0
BRDA:137,8,0,0
BRF:13
BRH:0
end_of_record
TN:
SF:src/utils/errorLogger.ts
FN:29,logError
FNF:1
FNH:0
FNDA:0,logError
DA:19,0
DA:20,0
DA:21,0
DA:29,0
DA:30,0
DA:32,0
DA:33,0
DA:36,0
DA:37,0
DA:40,0
DA:48,0
DA:50,0
DA:51,0
DA:53,0
DA:54,0
LF:15
LH:0
BRDA:29,0,0,0
BRDA:42,1,0,0
BRDA:42,1,1,0
BRF:3
BRH:0
end_of_record
TN:
SF:src/utils/fileFilters.ts
FN:30,getGitignorePatterns
FN:37,(anonymous_2)
FN:38,(anonymous_3)
FN:51,shouldIgnoreFile
FN:84,isTestFile
FN:105,getFilesToReview
FN:124,(anonymous_7)
FNF:7
FNH:0
FNDA:0,getGitignorePatterns
FNDA:0,(anonymous_2)
FNDA:0,(anonymous_3)
FNDA:0,shouldIgnoreFile
FNDA:0,isTestFile
FNDA:0,getFilesToReview
FNDA:0,(anonymous_7)
DA:21,0
DA:22,0
DA:23,0
DA:31,0
DA:33,0
DA:34,0
DA:35,0
DA:37,0
DA:38,0
DA:41,0
DA:52,0
DA:55,0
DA:57,0
DA:58,0
DA:61,0
DA:62,0
DA:66,0
DA:67,0
DA:71,0
DA:72,0
DA:76,0
DA:85,0
DA:86,0
DA:105,0
DA:110,0
DA:111,0
DA:114,0
DA:115,0
DA:118,0
DA:124,0
DA:126,0
DA:127,0
DA:131,0
DA:132,0
DA:135,0
LF:35
LH:0
BRDA:33,0,0,0
BRDA:38,1,0,0
BRDA:38,1,1,0
BRDA:57,2,0,0
BRDA:57,3,0,0
BRDA:57,3,1,0
BRDA:61,4,0,0
BRDA:66,5,0,0
BRDA:71,6,0,0
BRDA:71,7,0,0
BRDA:71,7,1,0
BRDA:87,8,0,0
BRDA:87,8,1,0
BRDA:87,8,2,0
BRDA:87,8,3,0
BRDA:87,8,4,0
BRDA:87,8,5,0
BRDA:87,8,6,0
BRDA:87,8,7,0
BRDA:110,9,0,0
BRDA:126,10,0,0
BRDA:131,11,0,0
BRDA:131,12,0,0
BRDA:131,12,1,0
BRF:24
BRH:0
end_of_record
TN:
SF:src/utils/fileSystem.ts
FN:38,validatePath
FN:75,fileExists
FN:96,directoryExists
FN:114,createDirectory
FN:137,generateVersionedOutputPath
FN:169,(anonymous_6)
FN:195,readFile
FN:215,writeFile
FN:237,findFiles
FNF:9
FNH:8
FNDA:11,validatePath
FNDA:6,fileExists
FNDA:4,directoryExists
FNDA:4,createDirectory
FNDA:3,generateVersionedOutputPath
FNDA:0,(anonymous_6)
FNDA:2,readFile
FNDA:2,writeFile
FNDA:3,findFiles
DA:21,2
DA:22,2
DA:23,2
DA:38,2
DA:40,11
DA:43,11
DA:44,3
DA:50,8
DA:51,8
DA:54,8
DA:57,8
DA:58,2
DA:63,6
DA:75,2
DA:76,6
DA:77,6
DA:78,2
DA:80,4
DA:96,2
DA:97,4
DA:98,4
DA:99,3
DA:101,1
DA:114,2
DA:115,4
DA:116,4
DA:119,1
DA:120,1
DA:121,0
DA:137,2
DA:143,3
DA:144,3
DA:147,3
DA:150,3
DA:151,3
DA:152,3
DA:154,3
DA:157,0
DA:161,3
DA:162,3
DA:165,3
DA:167,3
DA:169,0
DA:170,0
DA:171,0
DA:175,0
DA:176,3
DA:178,0
DA:181,3
DA:185,0
DA:195,2
DA:196,2
DA:198,2
DA:200,2
DA:202,1
DA:203,1
DA:215,2
DA:216,2
DA:218,2
DA:221,2
DA:222,2
DA:224,1
DA:225,1
DA:237,2
DA:242,3
DA:244,3
DA:252,3
DA:254,3
DA:255,3
DA:256,3
DA:259,3
DA:261,0
DA:262,0
DA:263,0
LF:74
LH:63
BRDA:43,0,0,3
BRDA:57,1,0,2
BRDA:57,2,0,8
BRDA:57,2,1,6
BRDA:120,3,0,0
BRDA:140,4,0,0
BRDA:167,5,0,0
BRDA:167,5,1,3
BRDA:171,6,0,0
BRDA:171,6,1,0
BRDA:176,7,0,0
BRDA:176,7,1,3
BRDA:198,8,0,0
BRDA:198,8,1,2
BRDA:202,9,0,1
BRDA:202,9,1,0
BRDA:218,10,0,0
BRDA:218,10,1,2
BRDA:224,11,0,1
BRDA:224,11,1,0
BRDA:240,12,0,3
BRDA:245,13,0,0
BRDA:245,13,1,3
BRDA:248,14,0,3
BRDA:248,14,1,0
BRDA:249,15,0,0
BRDA:249,15,1,3
BRDA:254,16,0,3
BRDA:255,17,0,3
BRDA:255,17,1,0
BRDA:261,18,0,0
BRDA:261,18,1,0
BRDA:262,19,0,0
BRDA:262,19,1,0
BRF:34
BRH:16
end_of_record
TN:
SF:src/utils/modelTest.ts
FN:31,testModel
FN:121,findAvailableModel
FN:133,(anonymous_2)
FNF:3
FNH:0
FNDA:0,testModel
FNDA:0,findAvailableModel
FNDA:0,(anonymous_2)
DA:19,0
DA:31,0
DA:36,0
DA:37,0
DA:38,0
DA:41,0
DA:42,0
DA:43,0
DA:44,0
DA:47,0
DA:48,0
DA:54,0
DA:84,0
DA:85,0
DA:87,0
DA:90,0
DA:93,0
DA:94,0
DA:95,0
DA:99,0
DA:100,0
DA:104,0
DA:105,0
DA:107,0
DA:112,0
DA:121,0
DA:125,0
DA:126,0
DA:127,0
DA:131,0
DA:132,0
DA:133,0
DA:142,0
DA:146,0
DA:147,0
DA:148,0
DA:149,0
DA:150,0
DA:153,0
DA:161,0
DA:164,0
LF:41
LH:0
BRDA:36,0,0,0
BRDA:47,1,0,0
BRDA:47,1,1,0
BRDA:49,2,0,0
BRDA:49,2,1,0
BRDA:94,3,0,0
BRDA:94,3,1,0
BRDA:94,4,0,0
BRDA:94,4,1,0
BRDA:99,5,0,0
BRDA:99,5,1,0
BRDA:99,6,0,0
BRDA:99,6,1,0
BRDA:104,7,0,0
BRDA:104,7,1,0
BRDA:104,8,0,0
BRDA:104,8,1,0
BRDA:109,9,0,0
BRDA:109,9,1,0
BRDA:125,10,0,0
BRDA:132,11,0,0
BRDA:132,11,1,0
BRDA:149,12,0,0
BRF:23
BRH:0
end_of_record
TN:
SF:src/utils/projectDocs.ts
FN:50,readProjectDocs
FN:79,formatProjectDocs
FNF:2
FNH:0
FNDA:0,readProjectDocs
FNDA:0,formatProjectDocs
DA:21,0
DA:22,0
DA:23,0
DA:50,0
DA:51,0
DA:54,0
DA:59,0
DA:60,0
DA:61,0
DA:62,0
DA:63,0
DA:64,0
DA:66,0
DA:71,0
DA:79,0
DA:80,0
DA:82,0
DA:83,0
DA:86,0
LF:19
LH:0
BRDA:61,0,0,0
BRDA:82,1,0,0
BRDA:86,2,0,0
BRDA:86,2,1,0
BRF:4
BRH:0
end_of_record
TN:
SF:src/utils/rateLimiter.ts
FN:31,(anonymous_0)
FN:39,(anonymous_1)
FN:43,(anonymous_2)
FN:54,(anonymous_3)
FN:67,(anonymous_4)
FN:74,(anonymous_5)
FNF:6
FNH:6
FNDA:7,(anonymous_0)
FNDA:21,(anonymous_1)
FNDA:46,(anonymous_2)
FNDA:1,(anonymous_3)
FNDA:1,(anonymous_4)
FNDA:1,(anonymous_5)
DA:23,1
DA:24,7
DA:32,7
DA:41,21
DA:42,21
DA:43,46
DA:46,21
DA:48,1
DA:49,1
DA:51,1
DA:54,1
DA:57,1
DA:61,20
DA:68,1
DA:81,1
LF:15
LH:15
BRDA:31,0,0,0
BRDA:46,1,0,1
BRF:2
BRH:1
end_of_record
TN:
SF:src/utils/reviewActionHandler.ts
FN:25,(anonymous_1)
FN:46,createReadlineInterface
FN:58,promptForConfirmation
FN:61,(anonymous_4)
FN:62,(anonymous_5)
FN:76,extractFixSuggestions
FN:139,extractSection
FN:156,parseSuggestions
FN:164,(anonymous_9)
FN:187,(anonymous_10)
FN:205,(anonymous_11)
FN:250,applyFixToFile
FN:348,processReviewResults
FNF:13
FNH:0
FNDA:0,(anonymous_1)
FNDA:0,createReadlineInterface
FNDA:0,promptForConfirmation
FNDA:0,(anonymous_4)
FNDA:0,(anonymous_5)
FNDA:0,extractFixSuggestions
FNDA:0,extractSection
FNDA:0,parseSuggestions
FNDA:0,(anonymous_9)
FNDA:0,(anonymous_10)
FNDA:0,(anonymous_11)
FNDA:0,applyFixToFile
FNDA:0,processReviewResults
DA:18,0
DA:19,0
DA:20,0
DA:25,0
DA:26,0
DA:27,0
DA:28,0
DA:47,0
DA:59,0
DA:61,0
DA:62,0
DA:63,0
DA:64,0
DA:76,0
DA:81,0
DA:84,0
DA:85,0
DA:87,0
DA:89,0
DA:90,0
DA:92,0
DA:93,0
DA:95,0
DA:96,0
DA:99,0
DA:100,0
DA:101,0
DA:104,0
DA:109,0
DA:110,0
DA:111,0
DA:112,0
DA:116,0
DA:117,0
DA:118,0
DA:119,0
DA:123,0
DA:124,0
DA:125,0
DA:126,0
DA:129,0
DA:140,0
DA:141,0
DA:143,0
DA:144,0
DA:146,0
DA:161,0
DA:164,0
DA:166,0
DA:167,0
DA:169,0
DA:170,0
DA:171,0
DA:174,0
DA:175,0
DA:177,0
DA:179,0
DA:182,0
DA:183,0
DA:184,0
DA:187,0
DA:188,0
DA:191,0
DA:192,0
DA:197,0
DA:200,0
DA:201,0
DA:204,0
DA:205,0
DA:207,0
DA:208,0
DA:212,0
DA:219,0
DA:220,0
DA:221,0
DA:222,0
DA:224,0
DA:228,0
DA:229,0
DA:230,0
DA:231,0
DA:232,0
DA:235,0
DA:237,0
DA:242,0
DA:251,0
DA:253,0
DA:256,0
DA:257,0
DA:258,0
DA:259,0
DA:261,0
DA:266,0
DA:267,0
DA:268,0
DA:272,0
DA:275,0
DA:277,0
DA:278,0
DA:279,0
DA:280,0
DA:284,0
DA:285,0
DA:287,0
DA:289,0
DA:290,0
DA:292,0
DA:293,0
DA:296,0
DA:297,0
DA:302,0
DA:303,0
DA:304,0
DA:307,0
DA:309,0
DA:312,0
DA:314,0
DA:316,0
DA:317,0
DA:318,0
DA:323,0
DA:324,0
DA:328,0
DA:329,0
DA:330,0
DA:333,0
DA:335,0
DA:336,0
DA:348,0
DA:360,0
DA:361,0
DA:362,0
DA:363,0
DA:366,0
DA:367,0
DA:368,0
DA:370,0
DA:371,0
DA:373,0
DA:374,0
DA:376,0
DA:377,0
DA:378,0
DA:380,0
DA:381,0
DA:382,0
DA:383,0
DA:385,0
DA:389,0
DA:392,0
DA:396,0
DA:397,0
DA:398,0
DA:400,0
DA:401,0
DA:403,0
DA:404,0
DA:405,0
DA:406,0
DA:408,0
DA:409,0
DA:410,0
DA:411,0
DA:412,0
DA:414,0
DA:415,0
DA:416,0
DA:417,0
DA:420,0
DA:421,0
DA:422,0
DA:423,0
DA:424,0
DA:425,0
DA:427,0
DA:430,0
DA:434,0
DA:437,0
DA:441,0
DA:442,0
DA:443,0
DA:445,0
DA:446,0
DA:448,0
DA:449,0
DA:450,0
DA:451,0
DA:453,0
DA:454,0
DA:455,0
DA:456,0
DA:457,0
DA:459,0
DA:460,0
DA:461,0
DA:462,0
DA:465,0
DA:466,0
DA:467,0
DA:468,0
DA:469,0
DA:470,0
DA:472,0
DA:475,0
DA:479,0
DA:482,0
DA:486,0
LF:207
LH:0
BRDA:25,0,0,0
BRDA:25,0,1,0
BRDA:64,1,0,0
BRDA:64,1,1,0
BRDA:84,2,0,0
BRDA:87,3,0,0
BRDA:87,3,1,0
BRDA:87,3,2,0
BRDA:99,4,0,0
BRDA:110,5,0,0
BRDA:117,6,0,0
BRDA:124,7,0,0
BRDA:141,8,0,0
BRDA:144,9,0,0
BRDA:170,10,0,0
BRDA:175,11,0,0
BRDA:183,12,0,0
BRDA:183,12,1,0
BRDA:188,13,0,0
BRDA:188,13,1,0
BRDA:188,13,2,0
BRDA:191,14,0,0
BRDA:201,15,0,0
BRDA:201,15,1,0
BRDA:204,16,0,0
BRDA:204,16,1,0
BRDA:219,17,0,0
BRDA:219,17,1,0
BRDA:222,18,0,0
BRDA:229,19,0,0
BRDA:231,20,0,0
BRDA:231,20,1,0
BRDA:256,21,0,0
BRDA:256,22,0,0
BRDA:256,22,1,0
BRDA:258,23,0,0
BRDA:266,24,0,0
BRDA:275,25,0,0
BRDA:275,26,0,0
BRDA:275,26,1,0
BRDA:277,27,0,0
BRDA:287,28,0,0
BRDA:290,29,0,0
BRDA:302,30,0,0
BRDA:307,31,0,0
BRDA:307,32,0,0
BRDA:307,32,1,0
BRDA:312,33,0,0
BRDA:312,34,0,0
BRDA:312,34,1,0
BRDA:328,35,0,0
BRDA:328,36,0,0
BRDA:328,36,1,0
BRDA:351,37,0,0
BRDA:352,38,0,0
BRDA:370,39,0,0
BRDA:370,39,1,0
BRDA:373,40,0,0
BRDA:373,40,1,0
BRDA:381,41,0,0
BRDA:381,41,1,0
BRDA:400,42,0,0
BRDA:400,42,1,0
BRDA:403,43,0,0
BRDA:403,43,1,0
BRDA:408,44,0,0
BRDA:408,45,0,0
BRDA:408,45,1,0
BRDA:421,46,0,0
BRDA:421,46,1,0
BRDA:423,47,0,0
BRDA:423,47,1,0
BRDA:445,48,0,0
BRDA:445,48,1,0
BRDA:448,49,0,0
BRDA:448,49,1,0
BRDA:453,50,0,0
BRDA:453,51,0,0
BRDA:453,51,1,0
BRDA:466,52,0,0
BRDA:466,52,1,0
BRDA:468,53,0,0
BRDA:468,53,1,0
BRF:83
BRH:0
end_of_record
TN:
SF:src/utils/sanitizer.ts
FN:33,sanitizeContent
FN:86,sanitizeFilename
FNF:2
FNH:2
FNDA:9,sanitizeContent
FNDA:7,sanitizeFilename
DA:20,1
DA:21,1
DA:24,1
DA:25,1
DA:33,1
DA:35,9
DA:36,2
DA:39,7
DA:41,7
DA:72,7
DA:74,0
DA:76,0
DA:86,1
DA:87,7
DA:88,2
DA:93,5
LF:16
LH:14
BRDA:35,0,0,2
BRDA:87,1,0,2
BRF:2
BRH:2
end_of_record
TN:
SF:src/utils/streamHandler.ts
FN:38,(anonymous_1)
FN:56,(anonymous_2)
FN:68,(anonymous_3)
FNF:3
FNH:0
FNDA:0,(anonymous_1)
FNDA:0,(anonymous_2)
FNDA:0,(anonymous_3)
DA:22,0
DA:27,0
DA:28,0
DA:39,0
DA:40,0
DA:41,0
DA:44,0
DA:45,0
DA:46,0
DA:47,0
DA:48,0
DA:49,0
DA:58,0
DA:61,0
DA:69,0
DA:71,0
DA:72,0
DA:73,0
DA:74,0
DA:76,0
LF:20
LH:0
BRDA:48,0,0,0
BRDA:48,0,1,0
BRDA:72,1,0,0
BRDA:72,1,1,0
BRF:4
BRH:0
end_of_record
TN:
SF:src/utils/tokenCounter.ts
FN:30,estimateTokenCount
FN:98,getModelPricing
FN:116,calculateCost
FN:132,formatCost
FN:155,getCostInfoFromText
FN:182,getCostInfo
FNF:6
FNH:2
FNDA:4,estimateTokenCount
FNDA:0,getModelPricing
FNDA:0,calculateCost
FNDA:4,formatCost
FNDA:0,getCostInfoFromText
FNDA:0,getCostInfo
DA:30,1
DA:32,4
DA:41,1
DA:100,0
DA:101,0
DA:102,0
DA:106,0
DA:116,1
DA:121,0
DA:122,0
DA:123,0
DA:124,0
DA:132,1
DA:133,4
DA:155,1
DA:160,0
DA:161,0
DA:162,0
DA:163,0
DA:165,0
DA:182,1
DA:187,0
DA:188,0
DA:190,0
LF:24
LH:8
BRDA:100,0,0,0
BRDA:102,1,0,0
BRDA:102,1,1,0
BRDA:106,2,0,0
BRDA:106,2,1,0
BRDA:119,3,0,0
BRDA:158,4,0,0
BRDA:185,5,0,0
BRF:8
BRH:0
end_of_record
